31-Jan-2022 20:31:22.293 INFO [main] org.apache.catalina.startup.VersionLoggerListener.log Server version name:   Apache Tomcat/9.0.50
31-Jan-2022 20:31:22.297 INFO [main] org.apache.catalina.startup.VersionLoggerListener.log Server built:          Jun 28 2021 08:46:44 UTC
31-Jan-2022 20:31:22.297 INFO [main] org.apache.catalina.startup.VersionLoggerListener.log Server version number: 9.0.50.0
31-Jan-2022 20:31:22.298 INFO [main] org.apache.catalina.startup.VersionLoggerListener.log OS Name:               Windows 10
31-Jan-2022 20:31:22.298 INFO [main] org.apache.catalina.startup.VersionLoggerListener.log OS Version:            10.0
31-Jan-2022 20:31:22.298 INFO [main] org.apache.catalina.startup.VersionLoggerListener.log Architecture:          amd64
31-Jan-2022 20:31:22.299 INFO [main] org.apache.catalina.startup.VersionLoggerListener.log Java Home:             C:\Program Files\Java\jdk-15.0.1
31-Jan-2022 20:31:22.299 INFO [main] org.apache.catalina.startup.VersionLoggerListener.log JVM Version:           15.0.1+9-18
31-Jan-2022 20:31:22.299 INFO [main] org.apache.catalina.startup.VersionLoggerListener.log JVM Vendor:            Oracle Corporation
31-Jan-2022 20:31:22.299 INFO [main] org.apache.catalina.startup.VersionLoggerListener.log CATALINA_BASE:         J:\ide programs\apache-tomcat-9.0.50
31-Jan-2022 20:31:22.299 INFO [main] org.apache.catalina.startup.VersionLoggerListener.log CATALINA_HOME:         J:\ide programs\apache-tomcat-9.0.50
31-Jan-2022 20:31:22.340 INFO [main] org.apache.catalina.startup.VersionLoggerListener.log Command line argument: --add-opens=java.base/java.lang=ALL-UNNAMED
31-Jan-2022 20:31:22.341 INFO [main] org.apache.catalina.startup.VersionLoggerListener.log Command line argument: --add-opens=java.base/java.io=ALL-UNNAMED
31-Jan-2022 20:31:22.341 INFO [main] org.apache.catalina.startup.VersionLoggerListener.log Command line argument: --add-opens=java.base/java.util=ALL-UNNAMED
31-Jan-2022 20:31:22.341 INFO [main] org.apache.catalina.startup.VersionLoggerListener.log Command line argument: --add-opens=java.base/java.util.concurrent=ALL-UNNAMED
31-Jan-2022 20:31:22.341 INFO [main] org.apache.catalina.startup.VersionLoggerListener.log Command line argument: --add-opens=java.rmi/sun.rmi.transport=ALL-UNNAMED
31-Jan-2022 20:31:22.341 INFO [main] org.apache.catalina.startup.VersionLoggerListener.log Command line argument: -Djava.util.logging.config.file=J:\ide programs\apache-tomcat-9.0.50\conf\logging.properties
31-Jan-2022 20:31:22.342 INFO [main] org.apache.catalina.startup.VersionLoggerListener.log Command line argument: -Djava.util.logging.manager=org.apache.juli.ClassLoaderLogManager
31-Jan-2022 20:31:22.342 INFO [main] org.apache.catalina.startup.VersionLoggerListener.log Command line argument: -Dhttp.nonProxyHosts=localhost|127.0.0.1|DESKTOP-SLE5BP3
31-Jan-2022 20:31:22.342 INFO [main] org.apache.catalina.startup.VersionLoggerListener.log Command line argument: -Djdk.tls.ephemeralDHKeySize=2048
31-Jan-2022 20:31:22.342 INFO [main] org.apache.catalina.startup.VersionLoggerListener.log Command line argument: -Djava.protocol.handler.pkgs=org.apache.catalina.webresources
31-Jan-2022 20:31:22.342 INFO [main] org.apache.catalina.startup.VersionLoggerListener.log Command line argument: -Dignore.endorsed.dirs=
31-Jan-2022 20:31:22.342 INFO [main] org.apache.catalina.startup.VersionLoggerListener.log Command line argument: -Dcatalina.base=J:\ide programs\apache-tomcat-9.0.50
31-Jan-2022 20:31:22.342 INFO [main] org.apache.catalina.startup.VersionLoggerListener.log Command line argument: -Dcatalina.home=J:\ide programs\apache-tomcat-9.0.50
31-Jan-2022 20:31:22.342 INFO [main] org.apache.catalina.startup.VersionLoggerListener.log Command line argument: -Djava.io.tmpdir=J:\ide programs\apache-tomcat-9.0.50\temp
31-Jan-2022 20:31:22.346 INFO [main] org.apache.catalina.core.AprLifecycleListener.lifecycleEvent Loaded Apache Tomcat Native library [1.2.30] using APR version [1.7.0].
31-Jan-2022 20:31:22.346 INFO [main] org.apache.catalina.core.AprLifecycleListener.lifecycleEvent APR capabilities: IPv6 [true], sendfile [true], accept filters [false], random [true], UDS [true].
31-Jan-2022 20:31:22.346 INFO [main] org.apache.catalina.core.AprLifecycleListener.lifecycleEvent APR/OpenSSL configuration: useAprConnector [false], useOpenSSL [true]
31-Jan-2022 20:31:22.355 INFO [main] org.apache.catalina.core.AprLifecycleListener.initializeSSL OpenSSL successfully initialized [OpenSSL 1.1.1k  25 Mar 2021]
31-Jan-2022 20:31:25.073 INFO [main] org.apache.coyote.AbstractProtocol.init Initializing ProtocolHandler ["http-nio-8080"]
31-Jan-2022 20:31:25.417 INFO [main] org.apache.catalina.startup.Catalina.load Server initialization in [3325] milliseconds
31-Jan-2022 20:31:25.787 INFO [main] org.apache.catalina.core.StandardService.startInternal Starting service [Catalina]
31-Jan-2022 20:31:25.787 INFO [main] org.apache.catalina.core.StandardEngine.startInternal Starting Servlet engine: [Apache Tomcat/9.0.50]
31-Jan-2022 20:31:26.059 INFO [main] org.apache.catalina.startup.HostConfig.deployDescriptor Deploying deployment descriptor [J:\ide programs\apache-tomcat-9.0.50\conf\Catalina\localhost\Durva_EJ_CA2.xml]
31-Jan-2022 20:31:26.132 WARNING [main] org.apache.catalina.startup.HostConfig.deployDescriptor The path attribute with value [/Durva_EJ_CA2] in deployment descriptor [J:\ide programs\apache-tomcat-9.0.50\conf\Catalina\localhost\Durva_EJ_CA2.xml] has been ignored
31-Jan-2022 20:31:28.091 WARNING [main] org.apache.catalina.util.SessionIdGeneratorBase.createSecureRandom Creation of SecureRandom instance for session ID generation using [SHA1PRNG] took [203] milliseconds.
31-Jan-2022 20:31:28.188 INFO [main] org.apache.catalina.startup.HostConfig.deployDescriptor Deployment of deployment descriptor [J:\ide programs\apache-tomcat-9.0.50\conf\Catalina\localhost\Durva_EJ_CA2.xml] has finished in [2,129] ms
31-Jan-2022 20:31:28.188 INFO [main] org.apache.catalina.startup.HostConfig.deployDescriptor Deploying deployment descriptor [J:\ide programs\apache-tomcat-9.0.50\conf\Catalina\localhost\intro.xml]
31-Jan-2022 20:31:28.189 WARNING [main] org.apache.catalina.startup.HostConfig.deployDescriptor The path attribute with value [/intro] in deployment descriptor [J:\ide programs\apache-tomcat-9.0.50\conf\Catalina\localhost\intro.xml] has been ignored
31-Jan-2022 20:31:28.719 INFO [main] org.apache.jasper.servlet.TldScanner.scanJars At least one JAR was scanned for TLDs yet contained no TLDs. Enable debug logging for this logger for a complete list of JARs that were scanned but no TLDs were found in them. Skipping unneeded JARs during scanning can improve startup time and JSP compilation time.
31-Jan-2022 20:31:28.722 INFO [main] org.apache.catalina.startup.HostConfig.deployDescriptor Deployment of deployment descriptor [J:\ide programs\apache-tomcat-9.0.50\conf\Catalina\localhost\intro.xml] has finished in [533] ms
31-Jan-2022 20:31:28.722 INFO [main] org.apache.catalina.startup.HostConfig.deployDescriptor Deploying deployment descriptor [J:\ide programs\apache-tomcat-9.0.50\conf\Catalina\localhost\redecor.xml]
31-Jan-2022 20:31:28.723 WARNING [main] org.apache.catalina.startup.HostConfig.deployDescriptor The path attribute with value [/redecor] in deployment descriptor [J:\ide programs\apache-tomcat-9.0.50\conf\Catalina\localhost\redecor.xml] has been ignored
31-Jan-2022 20:31:28.780 INFO [main] org.apache.catalina.startup.HostConfig.deployDescriptor Deployment of deployment descriptor [J:\ide programs\apache-tomcat-9.0.50\conf\Catalina\localhost\redecor.xml] has finished in [58] ms
31-Jan-2022 20:31:28.780 INFO [main] org.apache.catalina.startup.HostConfig.deployDescriptor Deploying deployment descriptor [J:\ide programs\apache-tomcat-9.0.50\conf\Catalina\localhost\redecor_webpage.xml]
31-Jan-2022 20:31:28.782 WARNING [main] org.apache.catalina.startup.HostConfig.deployDescriptor The path attribute with value [/redecor_webpage] in deployment descriptor [J:\ide programs\apache-tomcat-9.0.50\conf\Catalina\localhost\redecor_webpage.xml] has been ignored
31-Jan-2022 20:31:28.786 SEVERE [main] org.apache.catalina.startup.HostConfig.deployDescriptor Error deploying deployment descriptor [J:\ide programs\apache-tomcat-9.0.50\conf\Catalina\localhost\redecor_webpage.xml]
	java.lang.IllegalStateException: Error starting child
		at org.apache.catalina.core.ContainerBase.addChildInternal(ContainerBase.java:731)
		at org.apache.catalina.core.ContainerBase.addChild(ContainerBase.java:700)
		at org.apache.catalina.core.StandardHost.addChild(StandardHost.java:696)
		at org.apache.catalina.startup.HostConfig.deployDescriptor(HostConfig.java:690)
		at org.apache.catalina.startup.HostConfig$DeployDescriptor.run(HostConfig.java:1889)
		at java.base/java.util.concurrent.Executors$RunnableAdapter.call(Executors.java:515)
		at java.base/java.util.concurrent.FutureTask.run(FutureTask.java:264)
		at org.apache.tomcat.util.threads.InlineExecutorService.execute(InlineExecutorService.java:75)
		at java.base/java.util.concurrent.AbstractExecutorService.submit(AbstractExecutorService.java:118)
		at org.apache.catalina.startup.HostConfig.deployDescriptors(HostConfig.java:583)
		at org.apache.catalina.startup.HostConfig.deployApps(HostConfig.java:473)
		at org.apache.catalina.startup.HostConfig.start(HostConfig.java:1618)
		at org.apache.catalina.startup.HostConfig.lifecycleEvent(HostConfig.java:319)
		at org.apache.catalina.util.LifecycleBase.fireLifecycleEvent(LifecycleBase.java:123)
		at org.apache.catalina.util.LifecycleBase.setStateInternal(LifecycleBase.java:423)
		at org.apache.catalina.util.LifecycleBase.setState(LifecycleBase.java:366)
		at org.apache.catalina.core.ContainerBase.startInternal(ContainerBase.java:948)
		at org.apache.catalina.core.StandardHost.startInternal(StandardHost.java:835)
		at org.apache.catalina.util.LifecycleBase.start(LifecycleBase.java:183)
		at org.apache.catalina.core.ContainerBase$StartChild.call(ContainerBase.java:1398)
		at org.apache.catalina.core.ContainerBase$StartChild.call(ContainerBase.java:1388)
		at java.base/java.util.concurrent.FutureTask.run(FutureTask.java:264)
		at org.apache.tomcat.util.threads.InlineExecutorService.execute(InlineExecutorService.java:75)
		at java.base/java.util.concurrent.AbstractExecutorService.submit(AbstractExecutorService.java:140)
		at org.apache.catalina.core.ContainerBase.startInternal(ContainerBase.java:921)
		at org.apache.catalina.core.StandardEngine.startInternal(StandardEngine.java:263)
		at org.apache.catalina.util.LifecycleBase.start(LifecycleBase.java:183)
		at org.apache.catalina.core.StandardService.startInternal(StandardService.java:437)
		at org.apache.catalina.util.LifecycleBase.start(LifecycleBase.java:183)
		at org.apache.catalina.core.StandardServer.startInternal(StandardServer.java:934)
		at org.apache.catalina.util.LifecycleBase.start(LifecycleBase.java:183)
		at org.apache.catalina.startup.Catalina.start(Catalina.java:772)
		at java.base/jdk.internal.reflect.NativeMethodAccessorImpl.invoke0(Native Method)
		at java.base/jdk.internal.reflect.NativeMethodAccessorImpl.invoke(NativeMethodAccessorImpl.java:64)
		at java.base/jdk.internal.reflect.DelegatingMethodAccessorImpl.invoke(DelegatingMethodAccessorImpl.java:43)
		at java.base/java.lang.reflect.Method.invoke(Method.java:564)
		at org.apache.catalina.startup.Bootstrap.start(Bootstrap.java:345)
		at org.apache.catalina.startup.Bootstrap.main(Bootstrap.java:476)
	Caused by: org.apache.catalina.LifecycleException: Failed to start component [org.apache.catalina.webresources.StandardRoot@68b6f0d6]
		at org.apache.catalina.util.LifecycleBase.handleSubClassException(LifecycleBase.java:440)
		at org.apache.catalina.util.LifecycleBase.start(LifecycleBase.java:198)
		at org.apache.catalina.core.StandardContext.resourcesStart(StandardContext.java:4885)
		at org.apache.catalina.core.StandardContext.startInternal(StandardContext.java:5023)
		at org.apache.catalina.util.LifecycleBase.start(LifecycleBase.java:183)
		at org.apache.catalina.core.ContainerBase.addChildInternal(ContainerBase.java:728)
		... 37 more
	Caused by: java.lang.IllegalArgumentException: The main resource set specified [J:\ide programs\redecor webpage\build\web] is not valid
		at org.apache.catalina.webresources.StandardRoot.createMainResourceSet(StandardRoot.java:751)
		at org.apache.catalina.webresources.StandardRoot.startInternal(StandardRoot.java:708)
		at org.apache.catalina.util.LifecycleBase.start(LifecycleBase.java:183)
		... 41 more
31-Jan-2022 20:31:28.826 INFO [main] org.apache.catalina.startup.HostConfig.deployDescriptor Deployment of deployment descriptor [J:\ide programs\apache-tomcat-9.0.50\conf\Catalina\localhost\redecor_webpage.xml] has finished in [46] ms
31-Jan-2022 20:31:28.827 INFO [main] org.apache.catalina.startup.HostConfig.deployDescriptor Deploying deployment descriptor [J:\ide programs\apache-tomcat-9.0.50\conf\Catalina\localhost\WebApplication1.xml]
31-Jan-2022 20:31:28.828 WARNING [main] org.apache.catalina.startup.HostConfig.deployDescriptor The path attribute with value [/WebApplication1] in deployment descriptor [J:\ide programs\apache-tomcat-9.0.50\conf\Catalina\localhost\WebApplication1.xml] has been ignored
31-Jan-2022 20:31:28.834 SEVERE [main] org.apache.catalina.startup.HostConfig.deployDescriptor Error deploying deployment descriptor [J:\ide programs\apache-tomcat-9.0.50\conf\Catalina\localhost\WebApplication1.xml]
	java.lang.IllegalStateException: Error starting child
		at org.apache.catalina.core.ContainerBase.addChildInternal(ContainerBase.java:731)
		at org.apache.catalina.core.ContainerBase.addChild(ContainerBase.java:700)
		at org.apache.catalina.core.StandardHost.addChild(StandardHost.java:696)
		at org.apache.catalina.startup.HostConfig.deployDescriptor(HostConfig.java:690)
		at org.apache.catalina.startup.HostConfig$DeployDescriptor.run(HostConfig.java:1889)
		at java.base/java.util.concurrent.Executors$RunnableAdapter.call(Executors.java:515)
		at java.base/java.util.concurrent.FutureTask.run(FutureTask.java:264)
		at org.apache.tomcat.util.threads.InlineExecutorService.execute(InlineExecutorService.java:75)
		at java.base/java.util.concurrent.AbstractExecutorService.submit(AbstractExecutorService.java:118)
		at org.apache.catalina.startup.HostConfig.deployDescriptors(HostConfig.java:583)
		at org.apache.catalina.startup.HostConfig.deployApps(HostConfig.java:473)
		at org.apache.catalina.startup.HostConfig.start(HostConfig.java:1618)
		at org.apache.catalina.startup.HostConfig.lifecycleEvent(HostConfig.java:319)
		at org.apache.catalina.util.LifecycleBase.fireLifecycleEvent(LifecycleBase.java:123)
		at org.apache.catalina.util.LifecycleBase.setStateInternal(LifecycleBase.java:423)
		at org.apache.catalina.util.LifecycleBase.setState(LifecycleBase.java:366)
		at org.apache.catalina.core.ContainerBase.startInternal(ContainerBase.java:948)
		at org.apache.catalina.core.StandardHost.startInternal(StandardHost.java:835)
		at org.apache.catalina.util.LifecycleBase.start(LifecycleBase.java:183)
		at org.apache.catalina.core.ContainerBase$StartChild.call(ContainerBase.java:1398)
		at org.apache.catalina.core.ContainerBase$StartChild.call(ContainerBase.java:1388)
		at java.base/java.util.concurrent.FutureTask.run(FutureTask.java:264)
		at org.apache.tomcat.util.threads.InlineExecutorService.execute(InlineExecutorService.java:75)
		at java.base/java.util.concurrent.AbstractExecutorService.submit(AbstractExecutorService.java:140)
		at org.apache.catalina.core.ContainerBase.startInternal(ContainerBase.java:921)
		at org.apache.catalina.core.StandardEngine.startInternal(StandardEngine.java:263)
		at org.apache.catalina.util.LifecycleBase.start(LifecycleBase.java:183)
		at org.apache.catalina.core.StandardService.startInternal(StandardService.java:437)
		at org.apache.catalina.util.LifecycleBase.start(LifecycleBase.java:183)
		at org.apache.catalina.core.StandardServer.startInternal(StandardServer.java:934)
		at org.apache.catalina.util.LifecycleBase.start(LifecycleBase.java:183)
		at org.apache.catalina.startup.Catalina.start(Catalina.java:772)
		at java.base/jdk.internal.reflect.NativeMethodAccessorImpl.invoke0(Native Method)
		at java.base/jdk.internal.reflect.NativeMethodAccessorImpl.invoke(NativeMethodAccessorImpl.java:64)
		at java.base/jdk.internal.reflect.DelegatingMethodAccessorImpl.invoke(DelegatingMethodAccessorImpl.java:43)
		at java.base/java.lang.reflect.Method.invoke(Method.java:564)
		at org.apache.catalina.startup.Bootstrap.start(Bootstrap.java:345)
		at org.apache.catalina.startup.Bootstrap.main(Bootstrap.java:476)
	Caused by: org.apache.catalina.LifecycleException: Failed to start component [org.apache.catalina.webresources.StandardRoot@7b8233cd]
		at org.apache.catalina.util.LifecycleBase.handleSubClassException(LifecycleBase.java:440)
		at org.apache.catalina.util.LifecycleBase.start(LifecycleBase.java:198)
		at org.apache.catalina.core.StandardContext.resourcesStart(StandardContext.java:4885)
		at org.apache.catalina.core.StandardContext.startInternal(StandardContext.java:5023)
		at org.apache.catalina.util.LifecycleBase.start(LifecycleBase.java:183)
		at org.apache.catalina.core.ContainerBase.addChildInternal(ContainerBase.java:728)
		... 37 more
	Caused by: java.lang.IllegalArgumentException: The main resource set specified [J:\ide programs\WebApplication1\build\web] is not valid
		at org.apache.catalina.webresources.StandardRoot.createMainResourceSet(StandardRoot.java:751)
		at org.apache.catalina.webresources.StandardRoot.startInternal(StandardRoot.java:708)
		at org.apache.catalina.util.LifecycleBase.start(LifecycleBase.java:183)
		... 41 more
31-Jan-2022 20:31:31.562 INFO [main] org.apache.catalina.startup.HostConfig.deployDescriptor Deployment of deployment descriptor [J:\ide programs\apache-tomcat-9.0.50\conf\Catalina\localhost\WebApplication1.xml] has finished in [2,735] ms
31-Jan-2022 20:31:31.608 INFO [main] org.apache.catalina.startup.HostConfig.deployDirectory Deploying web application directory [J:\ide programs\apache-tomcat-9.0.50\webapps\docs]
31-Jan-2022 20:31:31.703 INFO [main] org.apache.catalina.startup.HostConfig.deployDirectory Deployment of web application directory [J:\ide programs\apache-tomcat-9.0.50\webapps\docs] has finished in [95] ms
31-Jan-2022 20:31:31.703 INFO [main] org.apache.catalina.startup.HostConfig.deployDirectory Deploying web application directory [J:\ide programs\apache-tomcat-9.0.50\webapps\examples]
31-Jan-2022 20:31:35.453 INFO [main] org.apache.catalina.startup.HostConfig.deployDirectory Deployment of web application directory [J:\ide programs\apache-tomcat-9.0.50\webapps\examples] has finished in [3,750] ms
31-Jan-2022 20:31:35.454 INFO [main] org.apache.catalina.startup.HostConfig.deployDirectory Deploying web application directory [J:\ide programs\apache-tomcat-9.0.50\webapps\host-manager]
31-Jan-2022 20:31:35.618 INFO [main] org.apache.catalina.startup.HostConfig.deployDirectory Deployment of web application directory [J:\ide programs\apache-tomcat-9.0.50\webapps\host-manager] has finished in [164] ms
31-Jan-2022 20:31:35.618 INFO [main] org.apache.catalina.startup.HostConfig.deployDirectory Deploying web application directory [J:\ide programs\apache-tomcat-9.0.50\webapps\manager]
31-Jan-2022 20:31:35.658 INFO [main] org.apache.catalina.startup.HostConfig.deployDirectory Deployment of web application directory [J:\ide programs\apache-tomcat-9.0.50\webapps\manager] has finished in [40] ms
31-Jan-2022 20:31:35.659 INFO [main] org.apache.catalina.startup.HostConfig.deployDirectory Deploying web application directory [J:\ide programs\apache-tomcat-9.0.50\webapps\ROOT]
31-Jan-2022 20:31:35.684 INFO [main] org.apache.catalina.startup.HostConfig.deployDirectory Deployment of web application directory [J:\ide programs\apache-tomcat-9.0.50\webapps\ROOT] has finished in [26] ms
31-Jan-2022 20:31:35.734 INFO [main] org.apache.coyote.AbstractProtocol.start Starting ProtocolHandler ["http-nio-8080"]
31-Jan-2022 20:31:35.997 INFO [main] org.apache.catalina.startup.Catalina.start Server startup in [10579] milliseconds
