12-Feb-2022 12:35:45.169 INFO [main] org.apache.catalina.startup.VersionLoggerListener.log Server version name:   Apache Tomcat/9.0.50
12-Feb-2022 12:35:45.173 INFO [main] org.apache.catalina.startup.VersionLoggerListener.log Server built:          Jun 28 2021 08:46:44 UTC
12-Feb-2022 12:35:45.173 INFO [main] org.apache.catalina.startup.VersionLoggerListener.log Server version number: 9.0.50.0
12-Feb-2022 12:35:45.173 INFO [main] org.apache.catalina.startup.VersionLoggerListener.log OS Name:               Windows 10
12-Feb-2022 12:35:45.173 INFO [main] org.apache.catalina.startup.VersionLoggerListener.log OS Version:            10.0
12-Feb-2022 12:35:45.174 INFO [main] org.apache.catalina.startup.VersionLoggerListener.log Architecture:          amd64
12-Feb-2022 12:35:45.174 INFO [main] org.apache.catalina.startup.VersionLoggerListener.log Java Home:             C:\Program Files\Java\jdk-15.0.1
12-Feb-2022 12:35:45.174 INFO [main] org.apache.catalina.startup.VersionLoggerListener.log JVM Version:           15.0.1+9-18
12-Feb-2022 12:35:45.174 INFO [main] org.apache.catalina.startup.VersionLoggerListener.log JVM Vendor:            Oracle Corporation
12-Feb-2022 12:35:45.174 INFO [main] org.apache.catalina.startup.VersionLoggerListener.log CATALINA_BASE:         J:\ide programs\apache-tomcat-9.0.50
12-Feb-2022 12:35:45.174 INFO [main] org.apache.catalina.startup.VersionLoggerListener.log CATALINA_HOME:         J:\ide programs\apache-tomcat-9.0.50
12-Feb-2022 12:35:45.189 INFO [main] org.apache.catalina.startup.VersionLoggerListener.log Command line argument: --add-opens=java.base/java.lang=ALL-UNNAMED
12-Feb-2022 12:35:45.191 INFO [main] org.apache.catalina.startup.VersionLoggerListener.log Command line argument: --add-opens=java.base/java.io=ALL-UNNAMED
12-Feb-2022 12:35:45.191 INFO [main] org.apache.catalina.startup.VersionLoggerListener.log Command line argument: --add-opens=java.base/java.util=ALL-UNNAMED
12-Feb-2022 12:35:45.191 INFO [main] org.apache.catalina.startup.VersionLoggerListener.log Command line argument: --add-opens=java.base/java.util.concurrent=ALL-UNNAMED
12-Feb-2022 12:35:45.191 INFO [main] org.apache.catalina.startup.VersionLoggerListener.log Command line argument: --add-opens=java.rmi/sun.rmi.transport=ALL-UNNAMED
12-Feb-2022 12:35:45.191 INFO [main] org.apache.catalina.startup.VersionLoggerListener.log Command line argument: -Djava.util.logging.config.file=J:\ide programs\apache-tomcat-9.0.50\conf\logging.properties
12-Feb-2022 12:35:45.191 INFO [main] org.apache.catalina.startup.VersionLoggerListener.log Command line argument: -Djava.util.logging.manager=org.apache.juli.ClassLoaderLogManager
12-Feb-2022 12:35:45.191 INFO [main] org.apache.catalina.startup.VersionLoggerListener.log Command line argument: -Dhttp.nonProxyHosts=localhost|127.0.0.1|DESKTOP-SLE5BP3
12-Feb-2022 12:35:45.191 INFO [main] org.apache.catalina.startup.VersionLoggerListener.log Command line argument: -Djdk.tls.ephemeralDHKeySize=2048
12-Feb-2022 12:35:45.192 INFO [main] org.apache.catalina.startup.VersionLoggerListener.log Command line argument: -Djava.protocol.handler.pkgs=org.apache.catalina.webresources
12-Feb-2022 12:35:45.192 INFO [main] org.apache.catalina.startup.VersionLoggerListener.log Command line argument: -Dignore.endorsed.dirs=
12-Feb-2022 12:35:45.192 INFO [main] org.apache.catalina.startup.VersionLoggerListener.log Command line argument: -Dcatalina.base=J:\ide programs\apache-tomcat-9.0.50
12-Feb-2022 12:35:45.192 INFO [main] org.apache.catalina.startup.VersionLoggerListener.log Command line argument: -Dcatalina.home=J:\ide programs\apache-tomcat-9.0.50
12-Feb-2022 12:35:45.192 INFO [main] org.apache.catalina.startup.VersionLoggerListener.log Command line argument: -Djava.io.tmpdir=J:\ide programs\apache-tomcat-9.0.50\temp
12-Feb-2022 12:35:45.195 INFO [main] org.apache.catalina.core.AprLifecycleListener.lifecycleEvent Loaded Apache Tomcat Native library [1.2.30] using APR version [1.7.0].
12-Feb-2022 12:35:45.196 INFO [main] org.apache.catalina.core.AprLifecycleListener.lifecycleEvent APR capabilities: IPv6 [true], sendfile [true], accept filters [false], random [true], UDS [true].
12-Feb-2022 12:35:45.202 INFO [main] org.apache.catalina.core.AprLifecycleListener.lifecycleEvent APR/OpenSSL configuration: useAprConnector [false], useOpenSSL [true]
12-Feb-2022 12:35:45.209 INFO [main] org.apache.catalina.core.AprLifecycleListener.initializeSSL OpenSSL successfully initialized [OpenSSL 1.1.1k  25 Mar 2021]
12-Feb-2022 12:35:45.551 INFO [main] org.apache.coyote.AbstractProtocol.init Initializing ProtocolHandler ["http-nio-8080"]
12-Feb-2022 12:35:45.603 INFO [main] org.apache.catalina.startup.Catalina.load Server initialization in [934] milliseconds
12-Feb-2022 12:35:45.718 INFO [main] org.apache.catalina.core.StandardService.startInternal Starting service [Catalina]
12-Feb-2022 12:35:45.718 INFO [main] org.apache.catalina.core.StandardEngine.startInternal Starting Servlet engine: [Apache Tomcat/9.0.50]
12-Feb-2022 12:35:45.735 INFO [main] org.apache.catalina.startup.HostConfig.deployDescriptor Deploying deployment descriptor [J:\ide programs\apache-tomcat-9.0.50\conf\Catalina\localhost\Durva_EJ_CA2.xml]
12-Feb-2022 12:35:45.846 WARNING [main] org.apache.catalina.startup.HostConfig.deployDescriptor The path attribute with value [/Durva_EJ_CA2] in deployment descriptor [J:\ide programs\apache-tomcat-9.0.50\conf\Catalina\localhost\Durva_EJ_CA2.xml] has been ignored
12-Feb-2022 12:35:46.374 INFO [main] org.apache.catalina.startup.HostConfig.deployDescriptor Deployment of deployment descriptor [J:\ide programs\apache-tomcat-9.0.50\conf\Catalina\localhost\Durva_EJ_CA2.xml] has finished in [639] ms
12-Feb-2022 12:35:46.375 INFO [main] org.apache.catalina.startup.HostConfig.deployDescriptor Deploying deployment descriptor [J:\ide programs\apache-tomcat-9.0.50\conf\Catalina\localhost\intro.xml]
12-Feb-2022 12:35:46.376 WARNING [main] org.apache.catalina.startup.HostConfig.deployDescriptor The path attribute with value [/intro] in deployment descriptor [J:\ide programs\apache-tomcat-9.0.50\conf\Catalina\localhost\intro.xml] has been ignored
12-Feb-2022 12:35:46.544 INFO [main] org.apache.jasper.servlet.TldScanner.scanJars At least one JAR was scanned for TLDs yet contained no TLDs. Enable debug logging for this logger for a complete list of JARs that were scanned but no TLDs were found in them. Skipping unneeded JARs during scanning can improve startup time and JSP compilation time.
12-Feb-2022 12:35:46.548 INFO [main] org.apache.catalina.startup.HostConfig.deployDescriptor Deployment of deployment descriptor [J:\ide programs\apache-tomcat-9.0.50\conf\Catalina\localhost\intro.xml] has finished in [173] ms
12-Feb-2022 12:35:46.548 INFO [main] org.apache.catalina.startup.HostConfig.deployDescriptor Deploying deployment descriptor [J:\ide programs\apache-tomcat-9.0.50\conf\Catalina\localhost\redecor.xml]
12-Feb-2022 12:35:46.549 WARNING [main] org.apache.catalina.startup.HostConfig.deployDescriptor The path attribute with value [/redecor] in deployment descriptor [J:\ide programs\apache-tomcat-9.0.50\conf\Catalina\localhost\redecor.xml] has been ignored
12-Feb-2022 12:35:46.739 INFO [main] org.apache.jasper.servlet.TldScanner.scanJars At least one JAR was scanned for TLDs yet contained no TLDs. Enable debug logging for this logger for a complete list of JARs that were scanned but no TLDs were found in them. Skipping unneeded JARs during scanning can improve startup time and JSP compilation time.
12-Feb-2022 12:35:46.743 INFO [main] org.apache.catalina.startup.HostConfig.deployDescriptor Deployment of deployment descriptor [J:\ide programs\apache-tomcat-9.0.50\conf\Catalina\localhost\redecor.xml] has finished in [195] ms
12-Feb-2022 12:35:46.743 INFO [main] org.apache.catalina.startup.HostConfig.deployDescriptor Deploying deployment descriptor [J:\ide programs\apache-tomcat-9.0.50\conf\Catalina\localhost\redecor_webpage.xml]
12-Feb-2022 12:35:46.744 WARNING [main] org.apache.catalina.startup.HostConfig.deployDescriptor The path attribute with value [/redecor_webpage] in deployment descriptor [J:\ide programs\apache-tomcat-9.0.50\conf\Catalina\localhost\redecor_webpage.xml] has been ignored
12-Feb-2022 12:35:46.748 SEVERE [main] org.apache.catalina.startup.HostConfig.deployDescriptor Error deploying deployment descriptor [J:\ide programs\apache-tomcat-9.0.50\conf\Catalina\localhost\redecor_webpage.xml]
	java.lang.IllegalStateException: Error starting child
		at org.apache.catalina.core.ContainerBase.addChildInternal(ContainerBase.java:731)
		at org.apache.catalina.core.ContainerBase.addChild(ContainerBase.java:700)
		at org.apache.catalina.core.StandardHost.addChild(StandardHost.java:696)
		at org.apache.catalina.startup.HostConfig.deployDescriptor(HostConfig.java:690)
		at org.apache.catalina.startup.HostConfig$DeployDescriptor.run(HostConfig.java:1889)
		at java.base/java.util.concurrent.Executors$RunnableAdapter.call(Executors.java:515)
		at java.base/java.util.concurrent.FutureTask.run(FutureTask.java:264)
		at org.apache.tomcat.util.threads.InlineExecutorService.execute(InlineExecutorService.java:75)
		at java.base/java.util.concurrent.AbstractExecutorService.submit(AbstractExecutorService.java:118)
		at org.apache.catalina.startup.HostConfig.deployDescriptors(HostConfig.java:583)
		at org.apache.catalina.startup.HostConfig.deployApps(HostConfig.java:473)
		at org.apache.catalina.startup.HostConfig.start(HostConfig.java:1618)
		at org.apache.catalina.startup.HostConfig.lifecycleEvent(HostConfig.java:319)
		at org.apache.catalina.util.LifecycleBase.fireLifecycleEvent(LifecycleBase.java:123)
		at org.apache.catalina.util.LifecycleBase.setStateInternal(LifecycleBase.java:423)
		at org.apache.catalina.util.LifecycleBase.setState(LifecycleBase.java:366)
		at org.apache.catalina.core.ContainerBase.startInternal(ContainerBase.java:948)
		at org.apache.catalina.core.StandardHost.startInternal(StandardHost.java:835)
		at org.apache.catalina.util.LifecycleBase.start(LifecycleBase.java:183)
		at org.apache.catalina.core.ContainerBase$StartChild.call(ContainerBase.java:1398)
		at org.apache.catalina.core.ContainerBase$StartChild.call(ContainerBase.java:1388)
		at java.base/java.util.concurrent.FutureTask.run(FutureTask.java:264)
		at org.apache.tomcat.util.threads.InlineExecutorService.execute(InlineExecutorService.java:75)
		at java.base/java.util.concurrent.AbstractExecutorService.submit(AbstractExecutorService.java:140)
		at org.apache.catalina.core.ContainerBase.startInternal(ContainerBase.java:921)
		at org.apache.catalina.core.StandardEngine.startInternal(StandardEngine.java:263)
		at org.apache.catalina.util.LifecycleBase.start(LifecycleBase.java:183)
		at org.apache.catalina.core.StandardService.startInternal(StandardService.java:437)
		at org.apache.catalina.util.LifecycleBase.start(LifecycleBase.java:183)
		at org.apache.catalina.core.StandardServer.startInternal(StandardServer.java:934)
		at org.apache.catalina.util.LifecycleBase.start(LifecycleBase.java:183)
		at org.apache.catalina.startup.Catalina.start(Catalina.java:772)
		at java.base/jdk.internal.reflect.NativeMethodAccessorImpl.invoke0(Native Method)
		at java.base/jdk.internal.reflect.NativeMethodAccessorImpl.invoke(NativeMethodAccessorImpl.java:64)
		at java.base/jdk.internal.reflect.DelegatingMethodAccessorImpl.invoke(DelegatingMethodAccessorImpl.java:43)
		at java.base/java.lang.reflect.Method.invoke(Method.java:564)
		at org.apache.catalina.startup.Bootstrap.start(Bootstrap.java:345)
		at org.apache.catalina.startup.Bootstrap.main(Bootstrap.java:476)
	Caused by: org.apache.catalina.LifecycleException: Failed to start component [org.apache.catalina.webresources.StandardRoot@5ae76500]
		at org.apache.catalina.util.LifecycleBase.handleSubClassException(LifecycleBase.java:440)
		at org.apache.catalina.util.LifecycleBase.start(LifecycleBase.java:198)
		at org.apache.catalina.core.StandardContext.resourcesStart(StandardContext.java:4885)
		at org.apache.catalina.core.StandardContext.startInternal(StandardContext.java:5023)
		at org.apache.catalina.util.LifecycleBase.start(LifecycleBase.java:183)
		at org.apache.catalina.core.ContainerBase.addChildInternal(ContainerBase.java:728)
		... 37 more
	Caused by: java.lang.IllegalArgumentException: The main resource set specified [J:\ide programs\redecor webpage\build\web] is not valid
		at org.apache.catalina.webresources.StandardRoot.createMainResourceSet(StandardRoot.java:751)
		at org.apache.catalina.webresources.StandardRoot.startInternal(StandardRoot.java:708)
		at org.apache.catalina.util.LifecycleBase.start(LifecycleBase.java:183)
		... 41 more
12-Feb-2022 12:35:46.756 INFO [main] org.apache.catalina.startup.HostConfig.deployDescriptor Deployment of deployment descriptor [J:\ide programs\apache-tomcat-9.0.50\conf\Catalina\localhost\redecor_webpage.xml] has finished in [13] ms
12-Feb-2022 12:35:46.757 INFO [main] org.apache.catalina.startup.HostConfig.deployDescriptor Deploying deployment descriptor [J:\ide programs\apache-tomcat-9.0.50\conf\Catalina\localhost\WebApplication1.xml]
12-Feb-2022 12:35:46.757 WARNING [main] org.apache.catalina.startup.HostConfig.deployDescriptor The path attribute with value [/WebApplication1] in deployment descriptor [J:\ide programs\apache-tomcat-9.0.50\conf\Catalina\localhost\WebApplication1.xml] has been ignored
12-Feb-2022 12:35:46.762 SEVERE [main] org.apache.catalina.startup.HostConfig.deployDescriptor Error deploying deployment descriptor [J:\ide programs\apache-tomcat-9.0.50\conf\Catalina\localhost\WebApplication1.xml]
	java.lang.IllegalStateException: Error starting child
		at org.apache.catalina.core.ContainerBase.addChildInternal(ContainerBase.java:731)
		at org.apache.catalina.core.ContainerBase.addChild(ContainerBase.java:700)
		at org.apache.catalina.core.StandardHost.addChild(StandardHost.java:696)
		at org.apache.catalina.startup.HostConfig.deployDescriptor(HostConfig.java:690)
		at org.apache.catalina.startup.HostConfig$DeployDescriptor.run(HostConfig.java:1889)
		at java.base/java.util.concurrent.Executors$RunnableAdapter.call(Executors.java:515)
		at java.base/java.util.concurrent.FutureTask.run(FutureTask.java:264)
		at org.apache.tomcat.util.threads.InlineExecutorService.execute(InlineExecutorService.java:75)
		at java.base/java.util.concurrent.AbstractExecutorService.submit(AbstractExecutorService.java:118)
		at org.apache.catalina.startup.HostConfig.deployDescriptors(HostConfig.java:583)
		at org.apache.catalina.startup.HostConfig.deployApps(HostConfig.java:473)
		at org.apache.catalina.startup.HostConfig.start(HostConfig.java:1618)
		at org.apache.catalina.startup.HostConfig.lifecycleEvent(HostConfig.java:319)
		at org.apache.catalina.util.LifecycleBase.fireLifecycleEvent(LifecycleBase.java:123)
		at org.apache.catalina.util.LifecycleBase.setStateInternal(LifecycleBase.java:423)
		at org.apache.catalina.util.LifecycleBase.setState(LifecycleBase.java:366)
		at org.apache.catalina.core.ContainerBase.startInternal(ContainerBase.java:948)
		at org.apache.catalina.core.StandardHost.startInternal(StandardHost.java:835)
		at org.apache.catalina.util.LifecycleBase.start(LifecycleBase.java:183)
		at org.apache.catalina.core.ContainerBase$StartChild.call(ContainerBase.java:1398)
		at org.apache.catalina.core.ContainerBase$StartChild.call(ContainerBase.java:1388)
		at java.base/java.util.concurrent.FutureTask.run(FutureTask.java:264)
		at org.apache.tomcat.util.threads.InlineExecutorService.execute(InlineExecutorService.java:75)
		at java.base/java.util.concurrent.AbstractExecutorService.submit(AbstractExecutorService.java:140)
		at org.apache.catalina.core.ContainerBase.startInternal(ContainerBase.java:921)
		at org.apache.catalina.core.StandardEngine.startInternal(StandardEngine.java:263)
		at org.apache.catalina.util.LifecycleBase.start(LifecycleBase.java:183)
		at org.apache.catalina.core.StandardService.startInternal(StandardService.java:437)
		at org.apache.catalina.util.LifecycleBase.start(LifecycleBase.java:183)
		at org.apache.catalina.core.StandardServer.startInternal(StandardServer.java:934)
		at org.apache.catalina.util.LifecycleBase.start(LifecycleBase.java:183)
		at org.apache.catalina.startup.Catalina.start(Catalina.java:772)
		at java.base/jdk.internal.reflect.NativeMethodAccessorImpl.invoke0(Native Method)
		at java.base/jdk.internal.reflect.NativeMethodAccessorImpl.invoke(NativeMethodAccessorImpl.java:64)
		at java.base/jdk.internal.reflect.DelegatingMethodAccessorImpl.invoke(DelegatingMethodAccessorImpl.java:43)
		at java.base/java.lang.reflect.Method.invoke(Method.java:564)
		at org.apache.catalina.startup.Bootstrap.start(Bootstrap.java:345)
		at org.apache.catalina.startup.Bootstrap.main(Bootstrap.java:476)
	Caused by: org.apache.catalina.LifecycleException: Failed to start component [org.apache.catalina.webresources.StandardRoot@770d0ea6]
		at org.apache.catalina.util.LifecycleBase.handleSubClassException(LifecycleBase.java:440)
		at org.apache.catalina.util.LifecycleBase.start(LifecycleBase.java:198)
		at org.apache.catalina.core.StandardContext.resourcesStart(StandardContext.java:4885)
		at org.apache.catalina.core.StandardContext.startInternal(StandardContext.java:5023)
		at org.apache.catalina.util.LifecycleBase.start(LifecycleBase.java:183)
		at org.apache.catalina.core.ContainerBase.addChildInternal(ContainerBase.java:728)
		... 37 more
	Caused by: java.lang.IllegalArgumentException: The main resource set specified [J:\ide programs\WebApplication1\build\web] is not valid
		at org.apache.catalina.webresources.StandardRoot.createMainResourceSet(StandardRoot.java:751)
		at org.apache.catalina.webresources.StandardRoot.startInternal(StandardRoot.java:708)
		at org.apache.catalina.util.LifecycleBase.start(LifecycleBase.java:183)
		... 41 more
12-Feb-2022 12:35:47.197 INFO [main] org.apache.catalina.startup.HostConfig.deployDescriptor Deployment of deployment descriptor [J:\ide programs\apache-tomcat-9.0.50\conf\Catalina\localhost\WebApplication1.xml] has finished in [441] ms
12-Feb-2022 12:35:47.198 INFO [main] org.apache.catalina.startup.HostConfig.deployDirectory Deploying web application directory [J:\ide programs\apache-tomcat-9.0.50\webapps\docs]
12-Feb-2022 12:35:47.251 INFO [main] org.apache.catalina.startup.HostConfig.deployDirectory Deployment of web application directory [J:\ide programs\apache-tomcat-9.0.50\webapps\docs] has finished in [53] ms
12-Feb-2022 12:35:47.251 INFO [main] org.apache.catalina.startup.HostConfig.deployDirectory Deploying web application directory [J:\ide programs\apache-tomcat-9.0.50\webapps\examples]
12-Feb-2022 12:35:47.974 INFO [main] org.apache.catalina.startup.HostConfig.deployDirectory Deployment of web application directory [J:\ide programs\apache-tomcat-9.0.50\webapps\examples] has finished in [722] ms
12-Feb-2022 12:35:47.974 INFO [main] org.apache.catalina.startup.HostConfig.deployDirectory Deploying web application directory [J:\ide programs\apache-tomcat-9.0.50\webapps\host-manager]
12-Feb-2022 12:35:48.168 INFO [main] org.apache.catalina.startup.HostConfig.deployDirectory Deployment of web application directory [J:\ide programs\apache-tomcat-9.0.50\webapps\host-manager] has finished in [193] ms
12-Feb-2022 12:35:48.168 INFO [main] org.apache.catalina.startup.HostConfig.deployDirectory Deploying web application directory [J:\ide programs\apache-tomcat-9.0.50\webapps\manager]
12-Feb-2022 12:35:48.252 INFO [main] org.apache.catalina.startup.HostConfig.deployDirectory Deployment of web application directory [J:\ide programs\apache-tomcat-9.0.50\webapps\manager] has finished in [84] ms
12-Feb-2022 12:35:48.252 INFO [main] org.apache.catalina.startup.HostConfig.deployDirectory Deploying web application directory [J:\ide programs\apache-tomcat-9.0.50\webapps\ROOT]
12-Feb-2022 12:35:48.306 INFO [main] org.apache.catalina.startup.HostConfig.deployDirectory Deployment of web application directory [J:\ide programs\apache-tomcat-9.0.50\webapps\ROOT] has finished in [53] ms
12-Feb-2022 12:35:48.333 INFO [main] org.apache.coyote.AbstractProtocol.start Starting ProtocolHandler ["http-nio-8080"]
12-Feb-2022 12:35:48.620 INFO [main] org.apache.catalina.startup.Catalina.start Server startup in [3016] milliseconds
12-Feb-2022 12:42:55.013 WARNING [http-nio-8080-exec-9] org.mariadb.jdbc.internal.mysql.MySQLProtocol.getResult Could not execute query sql : 'Update cart_table set Quantity=?, total=? where cart_id=?', parameters : ['2','112000','43']: Table 'products.cart_table' doesn't exist
12-Feb-2022 13:10:55.914 INFO [main] org.apache.catalina.core.StandardServer.await A valid shutdown command was received via the shutdown port. Stopping the Server instance.
12-Feb-2022 13:10:58.147 INFO [main] org.apache.coyote.AbstractProtocol.pause Pausing ProtocolHandler ["http-nio-8080"]
12-Feb-2022 13:11:00.662 INFO [main] org.apache.catalina.core.StandardService.stopInternal Stopping service [Catalina]
12-Feb-2022 13:11:09.846 WARNING [main] org.apache.catalina.loader.WebappClassLoaderBase.clearReferencesJdbc The web application [redecor] registered the JDBC driver [org.mariadb.jdbc.Driver] but failed to unregister it when the web application was stopped. To prevent a memory leak, the JDBC Driver has been forcibly unregistered.
12-Feb-2022 13:11:09.846 WARNING [main] org.apache.catalina.loader.WebappClassLoaderBase.clearReferencesJdbc The web application [redecor] registered the JDBC driver [com.mysql.jdbc.Driver] but failed to unregister it when the web application was stopped. To prevent a memory leak, the JDBC Driver has been forcibly unregistered.
12-Feb-2022 13:11:09.846 WARNING [main] org.apache.catalina.loader.WebappClassLoaderBase.clearReferencesThreads The web application [redecor] appears to have started a thread named [MySQL Statement Cancellation Timer] but has failed to stop it. This is very likely to create a memory leak. Stack trace of thread:
 java.base@15.0.1/java.lang.Object.wait(Native Method)
 java.base@15.0.1/java.lang.Object.wait(Object.java:321)
 java.base@15.0.1/java.util.TimerThread.mainLoop(Timer.java:527)
 java.base@15.0.1/java.util.TimerThread.run(Timer.java:506)
12-Feb-2022 13:11:10.470 INFO [main] org.apache.coyote.AbstractProtocol.stop Stopping ProtocolHandler ["http-nio-8080"]
12-Feb-2022 13:11:11.513 INFO [main] org.apache.coyote.AbstractProtocol.destroy Destroying ProtocolHandler ["http-nio-8080"]
12-Feb-2022 13:13:28.258 INFO [main] org.apache.catalina.startup.VersionLoggerListener.log Server version name:   Apache Tomcat/9.0.50
12-Feb-2022 13:13:28.262 INFO [main] org.apache.catalina.startup.VersionLoggerListener.log Server built:          Jun 28 2021 08:46:44 UTC
12-Feb-2022 13:13:28.262 INFO [main] org.apache.catalina.startup.VersionLoggerListener.log Server version number: 9.0.50.0
12-Feb-2022 13:13:28.262 INFO [main] org.apache.catalina.startup.VersionLoggerListener.log OS Name:               Windows 10
12-Feb-2022 13:13:28.262 INFO [main] org.apache.catalina.startup.VersionLoggerListener.log OS Version:            10.0
12-Feb-2022 13:13:28.262 INFO [main] org.apache.catalina.startup.VersionLoggerListener.log Architecture:          amd64
12-Feb-2022 13:13:28.262 INFO [main] org.apache.catalina.startup.VersionLoggerListener.log Java Home:             C:\Program Files\Java\jdk-15.0.1
12-Feb-2022 13:13:28.263 INFO [main] org.apache.catalina.startup.VersionLoggerListener.log JVM Version:           15.0.1+9-18
12-Feb-2022 13:13:28.263 INFO [main] org.apache.catalina.startup.VersionLoggerListener.log JVM Vendor:            Oracle Corporation
12-Feb-2022 13:13:28.263 INFO [main] org.apache.catalina.startup.VersionLoggerListener.log CATALINA_BASE:         J:\ide programs\apache-tomcat-9.0.50
12-Feb-2022 13:13:28.263 INFO [main] org.apache.catalina.startup.VersionLoggerListener.log CATALINA_HOME:         J:\ide programs\apache-tomcat-9.0.50
12-Feb-2022 13:13:28.277 INFO [main] org.apache.catalina.startup.VersionLoggerListener.log Command line argument: --add-opens=java.base/java.lang=ALL-UNNAMED
12-Feb-2022 13:13:28.277 INFO [main] org.apache.catalina.startup.VersionLoggerListener.log Command line argument: --add-opens=java.base/java.io=ALL-UNNAMED
12-Feb-2022 13:13:28.277 INFO [main] org.apache.catalina.startup.VersionLoggerListener.log Command line argument: --add-opens=java.base/java.util=ALL-UNNAMED
12-Feb-2022 13:13:28.277 INFO [main] org.apache.catalina.startup.VersionLoggerListener.log Command line argument: --add-opens=java.base/java.util.concurrent=ALL-UNNAMED
12-Feb-2022 13:13:28.277 INFO [main] org.apache.catalina.startup.VersionLoggerListener.log Command line argument: --add-opens=java.rmi/sun.rmi.transport=ALL-UNNAMED
12-Feb-2022 13:13:28.277 INFO [main] org.apache.catalina.startup.VersionLoggerListener.log Command line argument: -Djava.util.logging.config.file=J:\ide programs\apache-tomcat-9.0.50\conf\logging.properties
12-Feb-2022 13:13:28.278 INFO [main] org.apache.catalina.startup.VersionLoggerListener.log Command line argument: -Djava.util.logging.manager=org.apache.juli.ClassLoaderLogManager
12-Feb-2022 13:13:28.278 INFO [main] org.apache.catalina.startup.VersionLoggerListener.log Command line argument: -Dhttp.nonProxyHosts=localhost|127.0.0.1|DESKTOP-SLE5BP3
12-Feb-2022 13:13:28.278 INFO [main] org.apache.catalina.startup.VersionLoggerListener.log Command line argument: -Djdk.tls.ephemeralDHKeySize=2048
12-Feb-2022 13:13:28.278 INFO [main] org.apache.catalina.startup.VersionLoggerListener.log Command line argument: -Djava.protocol.handler.pkgs=org.apache.catalina.webresources
12-Feb-2022 13:13:28.278 INFO [main] org.apache.catalina.startup.VersionLoggerListener.log Command line argument: -Dignore.endorsed.dirs=
12-Feb-2022 13:13:28.278 INFO [main] org.apache.catalina.startup.VersionLoggerListener.log Command line argument: -Dcatalina.base=J:\ide programs\apache-tomcat-9.0.50
12-Feb-2022 13:13:28.278 INFO [main] org.apache.catalina.startup.VersionLoggerListener.log Command line argument: -Dcatalina.home=J:\ide programs\apache-tomcat-9.0.50
12-Feb-2022 13:13:28.278 INFO [main] org.apache.catalina.startup.VersionLoggerListener.log Command line argument: -Djava.io.tmpdir=J:\ide programs\apache-tomcat-9.0.50\temp
12-Feb-2022 13:13:28.351 INFO [main] org.apache.catalina.core.AprLifecycleListener.lifecycleEvent Loaded Apache Tomcat Native library [1.2.30] using APR version [1.7.0].
12-Feb-2022 13:13:28.352 INFO [main] org.apache.catalina.core.AprLifecycleListener.lifecycleEvent APR capabilities: IPv6 [true], sendfile [true], accept filters [false], random [true], UDS [true].
12-Feb-2022 13:13:28.352 INFO [main] org.apache.catalina.core.AprLifecycleListener.lifecycleEvent APR/OpenSSL configuration: useAprConnector [false], useOpenSSL [true]
12-Feb-2022 13:13:28.451 INFO [main] org.apache.catalina.core.AprLifecycleListener.initializeSSL OpenSSL successfully initialized [OpenSSL 1.1.1k  25 Mar 2021]
12-Feb-2022 13:13:28.923 INFO [main] org.apache.coyote.AbstractProtocol.init Initializing ProtocolHandler ["http-nio-8080"]
12-Feb-2022 13:13:28.991 INFO [main] org.apache.catalina.startup.Catalina.load Server initialization in [2107] milliseconds
12-Feb-2022 13:13:29.151 INFO [main] org.apache.catalina.core.StandardService.startInternal Starting service [Catalina]
12-Feb-2022 13:13:29.151 INFO [main] org.apache.catalina.core.StandardEngine.startInternal Starting Servlet engine: [Apache Tomcat/9.0.50]
12-Feb-2022 13:13:29.164 INFO [main] org.apache.catalina.startup.HostConfig.deployDescriptor Deploying deployment descriptor [J:\ide programs\apache-tomcat-9.0.50\conf\Catalina\localhost\Durva_EJ_CA2.xml]
12-Feb-2022 13:13:29.185 WARNING [main] org.apache.catalina.startup.HostConfig.deployDescriptor The path attribute with value [/Durva_EJ_CA2] in deployment descriptor [J:\ide programs\apache-tomcat-9.0.50\conf\Catalina\localhost\Durva_EJ_CA2.xml] has been ignored
12-Feb-2022 13:13:29.852 INFO [main] org.apache.catalina.startup.HostConfig.deployDescriptor Deployment of deployment descriptor [J:\ide programs\apache-tomcat-9.0.50\conf\Catalina\localhost\Durva_EJ_CA2.xml] has finished in [687] ms
12-Feb-2022 13:13:29.852 INFO [main] org.apache.catalina.startup.HostConfig.deployDescriptor Deploying deployment descriptor [J:\ide programs\apache-tomcat-9.0.50\conf\Catalina\localhost\intro.xml]
12-Feb-2022 13:13:29.853 WARNING [main] org.apache.catalina.startup.HostConfig.deployDescriptor The path attribute with value [/intro] in deployment descriptor [J:\ide programs\apache-tomcat-9.0.50\conf\Catalina\localhost\intro.xml] has been ignored
12-Feb-2022 13:13:30.708 INFO [main] org.apache.jasper.servlet.TldScanner.scanJars At least one JAR was scanned for TLDs yet contained no TLDs. Enable debug logging for this logger for a complete list of JARs that were scanned but no TLDs were found in them. Skipping unneeded JARs during scanning can improve startup time and JSP compilation time.
12-Feb-2022 13:13:30.712 INFO [main] org.apache.catalina.startup.HostConfig.deployDescriptor Deployment of deployment descriptor [J:\ide programs\apache-tomcat-9.0.50\conf\Catalina\localhost\intro.xml] has finished in [860] ms
12-Feb-2022 13:13:30.712 INFO [main] org.apache.catalina.startup.HostConfig.deployDescriptor Deploying deployment descriptor [J:\ide programs\apache-tomcat-9.0.50\conf\Catalina\localhost\redecor.xml]
12-Feb-2022 13:13:30.713 WARNING [main] org.apache.catalina.startup.HostConfig.deployDescriptor The path attribute with value [/redecor] in deployment descriptor [J:\ide programs\apache-tomcat-9.0.50\conf\Catalina\localhost\redecor.xml] has been ignored
12-Feb-2022 13:13:31.172 INFO [main] org.apache.jasper.servlet.TldScanner.scanJars At least one JAR was scanned for TLDs yet contained no TLDs. Enable debug logging for this logger for a complete list of JARs that were scanned but no TLDs were found in them. Skipping unneeded JARs during scanning can improve startup time and JSP compilation time.
12-Feb-2022 13:13:31.212 INFO [main] org.apache.catalina.startup.HostConfig.deployDescriptor Deployment of deployment descriptor [J:\ide programs\apache-tomcat-9.0.50\conf\Catalina\localhost\redecor.xml] has finished in [500] ms
12-Feb-2022 13:13:31.213 INFO [main] org.apache.catalina.startup.HostConfig.deployDescriptor Deploying deployment descriptor [J:\ide programs\apache-tomcat-9.0.50\conf\Catalina\localhost\redecor_webpage.xml]
12-Feb-2022 13:13:31.214 WARNING [main] org.apache.catalina.startup.HostConfig.deployDescriptor The path attribute with value [/redecor_webpage] in deployment descriptor [J:\ide programs\apache-tomcat-9.0.50\conf\Catalina\localhost\redecor_webpage.xml] has been ignored
12-Feb-2022 13:13:31.223 SEVERE [main] org.apache.catalina.startup.HostConfig.deployDescriptor Error deploying deployment descriptor [J:\ide programs\apache-tomcat-9.0.50\conf\Catalina\localhost\redecor_webpage.xml]
	java.lang.IllegalStateException: Error starting child
		at org.apache.catalina.core.ContainerBase.addChildInternal(ContainerBase.java:731)
		at org.apache.catalina.core.ContainerBase.addChild(ContainerBase.java:700)
		at org.apache.catalina.core.StandardHost.addChild(StandardHost.java:696)
		at org.apache.catalina.startup.HostConfig.deployDescriptor(HostConfig.java:690)
		at org.apache.catalina.startup.HostConfig$DeployDescriptor.run(HostConfig.java:1889)
		at java.base/java.util.concurrent.Executors$RunnableAdapter.call(Executors.java:515)
		at java.base/java.util.concurrent.FutureTask.run(FutureTask.java:264)
		at org.apache.tomcat.util.threads.InlineExecutorService.execute(InlineExecutorService.java:75)
		at java.base/java.util.concurrent.AbstractExecutorService.submit(AbstractExecutorService.java:118)
		at org.apache.catalina.startup.HostConfig.deployDescriptors(HostConfig.java:583)
		at org.apache.catalina.startup.HostConfig.deployApps(HostConfig.java:473)
		at org.apache.catalina.startup.HostConfig.start(HostConfig.java:1618)
		at org.apache.catalina.startup.HostConfig.lifecycleEvent(HostConfig.java:319)
		at org.apache.catalina.util.LifecycleBase.fireLifecycleEvent(LifecycleBase.java:123)
		at org.apache.catalina.util.LifecycleBase.setStateInternal(LifecycleBase.java:423)
		at org.apache.catalina.util.LifecycleBase.setState(LifecycleBase.java:366)
		at org.apache.catalina.core.ContainerBase.startInternal(ContainerBase.java:948)
		at org.apache.catalina.core.StandardHost.startInternal(StandardHost.java:835)
		at org.apache.catalina.util.LifecycleBase.start(LifecycleBase.java:183)
		at org.apache.catalina.core.ContainerBase$StartChild.call(ContainerBase.java:1398)
		at org.apache.catalina.core.ContainerBase$StartChild.call(ContainerBase.java:1388)
		at java.base/java.util.concurrent.FutureTask.run(FutureTask.java:264)
		at org.apache.tomcat.util.threads.InlineExecutorService.execute(InlineExecutorService.java:75)
		at java.base/java.util.concurrent.AbstractExecutorService.submit(AbstractExecutorService.java:140)
		at org.apache.catalina.core.ContainerBase.startInternal(ContainerBase.java:921)
		at org.apache.catalina.core.StandardEngine.startInternal(StandardEngine.java:263)
		at org.apache.catalina.util.LifecycleBase.start(LifecycleBase.java:183)
		at org.apache.catalina.core.StandardService.startInternal(StandardService.java:437)
		at org.apache.catalina.util.LifecycleBase.start(LifecycleBase.java:183)
		at org.apache.catalina.core.StandardServer.startInternal(StandardServer.java:934)
		at org.apache.catalina.util.LifecycleBase.start(LifecycleBase.java:183)
		at org.apache.catalina.startup.Catalina.start(Catalina.java:772)
		at java.base/jdk.internal.reflect.NativeMethodAccessorImpl.invoke0(Native Method)
		at java.base/jdk.internal.reflect.NativeMethodAccessorImpl.invoke(NativeMethodAccessorImpl.java:64)
		at java.base/jdk.internal.reflect.DelegatingMethodAccessorImpl.invoke(DelegatingMethodAccessorImpl.java:43)
		at java.base/java.lang.reflect.Method.invoke(Method.java:564)
		at org.apache.catalina.startup.Bootstrap.start(Bootstrap.java:345)
		at org.apache.catalina.startup.Bootstrap.main(Bootstrap.java:476)
	Caused by: org.apache.catalina.LifecycleException: Failed to start component [org.apache.catalina.webresources.StandardRoot@7cc586a8]
		at org.apache.catalina.util.LifecycleBase.handleSubClassException(LifecycleBase.java:440)
		at org.apache.catalina.util.LifecycleBase.start(LifecycleBase.java:198)
		at org.apache.catalina.core.StandardContext.resourcesStart(StandardContext.java:4885)
		at org.apache.catalina.core.StandardContext.startInternal(StandardContext.java:5023)
		at org.apache.catalina.util.LifecycleBase.start(LifecycleBase.java:183)
		at org.apache.catalina.core.ContainerBase.addChildInternal(ContainerBase.java:728)
		... 37 more
	Caused by: java.lang.IllegalArgumentException: The main resource set specified [J:\ide programs\redecor webpage\build\web] is not valid
		at org.apache.catalina.webresources.StandardRoot.createMainResourceSet(StandardRoot.java:751)
		at org.apache.catalina.webresources.StandardRoot.startInternal(StandardRoot.java:708)
		at org.apache.catalina.util.LifecycleBase.start(LifecycleBase.java:183)
		... 41 more
12-Feb-2022 13:13:31.269 INFO [main] org.apache.catalina.startup.HostConfig.deployDescriptor Deployment of deployment descriptor [J:\ide programs\apache-tomcat-9.0.50\conf\Catalina\localhost\redecor_webpage.xml] has finished in [54] ms
12-Feb-2022 13:13:31.277 INFO [main] org.apache.catalina.startup.HostConfig.deployDescriptor Deploying deployment descriptor [J:\ide programs\apache-tomcat-9.0.50\conf\Catalina\localhost\WebApplication1.xml]
12-Feb-2022 13:13:31.279 WARNING [main] org.apache.catalina.startup.HostConfig.deployDescriptor The path attribute with value [/WebApplication1] in deployment descriptor [J:\ide programs\apache-tomcat-9.0.50\conf\Catalina\localhost\WebApplication1.xml] has been ignored
12-Feb-2022 13:13:31.296 SEVERE [main] org.apache.catalina.startup.HostConfig.deployDescriptor Error deploying deployment descriptor [J:\ide programs\apache-tomcat-9.0.50\conf\Catalina\localhost\WebApplication1.xml]
	java.lang.IllegalStateException: Error starting child
		at org.apache.catalina.core.ContainerBase.addChildInternal(ContainerBase.java:731)
		at org.apache.catalina.core.ContainerBase.addChild(ContainerBase.java:700)
		at org.apache.catalina.core.StandardHost.addChild(StandardHost.java:696)
		at org.apache.catalina.startup.HostConfig.deployDescriptor(HostConfig.java:690)
		at org.apache.catalina.startup.HostConfig$DeployDescriptor.run(HostConfig.java:1889)
		at java.base/java.util.concurrent.Executors$RunnableAdapter.call(Executors.java:515)
		at java.base/java.util.concurrent.FutureTask.run(FutureTask.java:264)
		at org.apache.tomcat.util.threads.InlineExecutorService.execute(InlineExecutorService.java:75)
		at java.base/java.util.concurrent.AbstractExecutorService.submit(AbstractExecutorService.java:118)
		at org.apache.catalina.startup.HostConfig.deployDescriptors(HostConfig.java:583)
		at org.apache.catalina.startup.HostConfig.deployApps(HostConfig.java:473)
		at org.apache.catalina.startup.HostConfig.start(HostConfig.java:1618)
		at org.apache.catalina.startup.HostConfig.lifecycleEvent(HostConfig.java:319)
		at org.apache.catalina.util.LifecycleBase.fireLifecycleEvent(LifecycleBase.java:123)
		at org.apache.catalina.util.LifecycleBase.setStateInternal(LifecycleBase.java:423)
		at org.apache.catalina.util.LifecycleBase.setState(LifecycleBase.java:366)
		at org.apache.catalina.core.ContainerBase.startInternal(ContainerBase.java:948)
		at org.apache.catalina.core.StandardHost.startInternal(StandardHost.java:835)
		at org.apache.catalina.util.LifecycleBase.start(LifecycleBase.java:183)
		at org.apache.catalina.core.ContainerBase$StartChild.call(ContainerBase.java:1398)
		at org.apache.catalina.core.ContainerBase$StartChild.call(ContainerBase.java:1388)
		at java.base/java.util.concurrent.FutureTask.run(FutureTask.java:264)
		at org.apache.tomcat.util.threads.InlineExecutorService.execute(InlineExecutorService.java:75)
		at java.base/java.util.concurrent.AbstractExecutorService.submit(AbstractExecutorService.java:140)
		at org.apache.catalina.core.ContainerBase.startInternal(ContainerBase.java:921)
		at org.apache.catalina.core.StandardEngine.startInternal(StandardEngine.java:263)
		at org.apache.catalina.util.LifecycleBase.start(LifecycleBase.java:183)
		at org.apache.catalina.core.StandardService.startInternal(StandardService.java:437)
		at org.apache.catalina.util.LifecycleBase.start(LifecycleBase.java:183)
		at org.apache.catalina.core.StandardServer.startInternal(StandardServer.java:934)
		at org.apache.catalina.util.LifecycleBase.start(LifecycleBase.java:183)
		at org.apache.catalina.startup.Catalina.start(Catalina.java:772)
		at java.base/jdk.internal.reflect.NativeMethodAccessorImpl.invoke0(Native Method)
		at java.base/jdk.internal.reflect.NativeMethodAccessorImpl.invoke(NativeMethodAccessorImpl.java:64)
		at java.base/jdk.internal.reflect.DelegatingMethodAccessorImpl.invoke(DelegatingMethodAccessorImpl.java:43)
		at java.base/java.lang.reflect.Method.invoke(Method.java:564)
		at org.apache.catalina.startup.Bootstrap.start(Bootstrap.java:345)
		at org.apache.catalina.startup.Bootstrap.main(Bootstrap.java:476)
	Caused by: org.apache.catalina.LifecycleException: Failed to start component [org.apache.catalina.webresources.StandardRoot@43ed0ff3]
		at org.apache.catalina.util.LifecycleBase.handleSubClassException(LifecycleBase.java:440)
		at org.apache.catalina.util.LifecycleBase.start(LifecycleBase.java:198)
		at org.apache.catalina.core.StandardContext.resourcesStart(StandardContext.java:4885)
		at org.apache.catalina.core.StandardContext.startInternal(StandardContext.java:5023)
		at org.apache.catalina.util.LifecycleBase.start(LifecycleBase.java:183)
		at org.apache.catalina.core.ContainerBase.addChildInternal(ContainerBase.java:728)
		... 37 more
	Caused by: java.lang.IllegalArgumentException: The main resource set specified [J:\ide programs\WebApplication1\build\web] is not valid
		at org.apache.catalina.webresources.StandardRoot.createMainResourceSet(StandardRoot.java:751)
		at org.apache.catalina.webresources.StandardRoot.startInternal(StandardRoot.java:708)
		at org.apache.catalina.util.LifecycleBase.start(LifecycleBase.java:183)
		... 41 more
12-Feb-2022 13:13:31.566 INFO [main] org.apache.catalina.startup.HostConfig.deployDescriptor Deployment of deployment descriptor [J:\ide programs\apache-tomcat-9.0.50\conf\Catalina\localhost\WebApplication1.xml] has finished in [289] ms
12-Feb-2022 13:13:31.566 INFO [main] org.apache.catalina.startup.HostConfig.deployDirectory Deploying web application directory [J:\ide programs\apache-tomcat-9.0.50\webapps\docs]
12-Feb-2022 13:13:31.772 INFO [main] org.apache.catalina.startup.HostConfig.deployDirectory Deployment of web application directory [J:\ide programs\apache-tomcat-9.0.50\webapps\docs] has finished in [206] ms
12-Feb-2022 13:13:31.772 INFO [main] org.apache.catalina.startup.HostConfig.deployDirectory Deploying web application directory [J:\ide programs\apache-tomcat-9.0.50\webapps\examples]
12-Feb-2022 13:13:33.074 INFO [main] org.apache.catalina.startup.HostConfig.deployDirectory Deployment of web application directory [J:\ide programs\apache-tomcat-9.0.50\webapps\examples] has finished in [1,301] ms
12-Feb-2022 13:13:33.074 INFO [main] org.apache.catalina.startup.HostConfig.deployDirectory Deploying web application directory [J:\ide programs\apache-tomcat-9.0.50\webapps\host-manager]
12-Feb-2022 13:13:33.103 INFO [main] org.apache.catalina.startup.HostConfig.deployDirectory Deployment of web application directory [J:\ide programs\apache-tomcat-9.0.50\webapps\host-manager] has finished in [29] ms
12-Feb-2022 13:13:33.104 INFO [main] org.apache.catalina.startup.HostConfig.deployDirectory Deploying web application directory [J:\ide programs\apache-tomcat-9.0.50\webapps\manager]
12-Feb-2022 13:13:33.182 INFO [main] org.apache.catalina.startup.HostConfig.deployDirectory Deployment of web application directory [J:\ide programs\apache-tomcat-9.0.50\webapps\manager] has finished in [79] ms
12-Feb-2022 13:13:33.184 INFO [main] org.apache.catalina.startup.HostConfig.deployDirectory Deploying web application directory [J:\ide programs\apache-tomcat-9.0.50\webapps\ROOT]
12-Feb-2022 13:13:33.226 INFO [main] org.apache.catalina.startup.HostConfig.deployDirectory Deployment of web application directory [J:\ide programs\apache-tomcat-9.0.50\webapps\ROOT] has finished in [42] ms
12-Feb-2022 13:13:33.229 INFO [main] org.apache.coyote.AbstractProtocol.start Starting ProtocolHandler ["http-nio-8080"]
12-Feb-2022 13:13:33.373 INFO [main] org.apache.catalina.startup.Catalina.start Server startup in [4381] milliseconds
12-Feb-2022 13:18:38.763 INFO [main] org.apache.catalina.core.StandardServer.await A valid shutdown command was received via the shutdown port. Stopping the Server instance.
12-Feb-2022 13:18:38.764 INFO [main] org.apache.coyote.AbstractProtocol.pause Pausing ProtocolHandler ["http-nio-8080"]
12-Feb-2022 13:18:38.777 INFO [main] org.apache.catalina.core.StandardService.stopInternal Stopping service [Catalina]
12-Feb-2022 13:18:38.946 WARNING [main] org.apache.catalina.loader.WebappClassLoaderBase.clearReferencesJdbc The web application [redecor] registered the JDBC driver [org.mariadb.jdbc.Driver] but failed to unregister it when the web application was stopped. To prevent a memory leak, the JDBC Driver has been forcibly unregistered.
12-Feb-2022 13:18:38.946 WARNING [main] org.apache.catalina.loader.WebappClassLoaderBase.clearReferencesJdbc The web application [redecor] registered the JDBC driver [com.mysql.jdbc.Driver] but failed to unregister it when the web application was stopped. To prevent a memory leak, the JDBC Driver has been forcibly unregistered.
12-Feb-2022 13:18:38.962 INFO [main] org.apache.coyote.AbstractProtocol.stop Stopping ProtocolHandler ["http-nio-8080"]
12-Feb-2022 13:18:39.002 INFO [main] org.apache.coyote.AbstractProtocol.destroy Destroying ProtocolHandler ["http-nio-8080"]
12-Feb-2022 13:41:44.719 INFO [main] org.apache.catalina.startup.VersionLoggerListener.log Server version name:   Apache Tomcat/9.0.50
12-Feb-2022 13:41:44.724 INFO [main] org.apache.catalina.startup.VersionLoggerListener.log Server built:          Jun 28 2021 08:46:44 UTC
12-Feb-2022 13:41:44.724 INFO [main] org.apache.catalina.startup.VersionLoggerListener.log Server version number: 9.0.50.0
12-Feb-2022 13:41:44.724 INFO [main] org.apache.catalina.startup.VersionLoggerListener.log OS Name:               Windows 10
12-Feb-2022 13:41:44.724 INFO [main] org.apache.catalina.startup.VersionLoggerListener.log OS Version:            10.0
12-Feb-2022 13:41:44.724 INFO [main] org.apache.catalina.startup.VersionLoggerListener.log Architecture:          amd64
12-Feb-2022 13:41:44.724 INFO [main] org.apache.catalina.startup.VersionLoggerListener.log Java Home:             C:\Program Files\Java\jdk-15.0.1
12-Feb-2022 13:41:44.724 INFO [main] org.apache.catalina.startup.VersionLoggerListener.log JVM Version:           15.0.1+9-18
12-Feb-2022 13:41:44.724 INFO [main] org.apache.catalina.startup.VersionLoggerListener.log JVM Vendor:            Oracle Corporation
12-Feb-2022 13:41:44.725 INFO [main] org.apache.catalina.startup.VersionLoggerListener.log CATALINA_BASE:         J:\ide programs\apache-tomcat-9.0.50
12-Feb-2022 13:41:44.725 INFO [main] org.apache.catalina.startup.VersionLoggerListener.log CATALINA_HOME:         J:\ide programs\apache-tomcat-9.0.50
12-Feb-2022 13:41:44.757 INFO [main] org.apache.catalina.startup.VersionLoggerListener.log Command line argument: --add-opens=java.base/java.lang=ALL-UNNAMED
12-Feb-2022 13:41:44.757 INFO [main] org.apache.catalina.startup.VersionLoggerListener.log Command line argument: --add-opens=java.base/java.io=ALL-UNNAMED
12-Feb-2022 13:41:44.757 INFO [main] org.apache.catalina.startup.VersionLoggerListener.log Command line argument: --add-opens=java.base/java.util=ALL-UNNAMED
12-Feb-2022 13:41:44.757 INFO [main] org.apache.catalina.startup.VersionLoggerListener.log Command line argument: --add-opens=java.base/java.util.concurrent=ALL-UNNAMED
12-Feb-2022 13:41:44.757 INFO [main] org.apache.catalina.startup.VersionLoggerListener.log Command line argument: --add-opens=java.rmi/sun.rmi.transport=ALL-UNNAMED
12-Feb-2022 13:41:44.757 INFO [main] org.apache.catalina.startup.VersionLoggerListener.log Command line argument: -Djava.util.logging.config.file=J:\ide programs\apache-tomcat-9.0.50\conf\logging.properties
12-Feb-2022 13:41:44.758 INFO [main] org.apache.catalina.startup.VersionLoggerListener.log Command line argument: -Djava.util.logging.manager=org.apache.juli.ClassLoaderLogManager
12-Feb-2022 13:41:44.758 INFO [main] org.apache.catalina.startup.VersionLoggerListener.log Command line argument: -Dhttp.nonProxyHosts=localhost|127.0.0.1|DESKTOP-SLE5BP3
12-Feb-2022 13:41:44.758 INFO [main] org.apache.catalina.startup.VersionLoggerListener.log Command line argument: -Djdk.tls.ephemeralDHKeySize=2048
12-Feb-2022 13:41:44.758 INFO [main] org.apache.catalina.startup.VersionLoggerListener.log Command line argument: -Djava.protocol.handler.pkgs=org.apache.catalina.webresources
12-Feb-2022 13:41:44.758 INFO [main] org.apache.catalina.startup.VersionLoggerListener.log Command line argument: -Dignore.endorsed.dirs=
12-Feb-2022 13:41:44.758 INFO [main] org.apache.catalina.startup.VersionLoggerListener.log Command line argument: -Dcatalina.base=J:\ide programs\apache-tomcat-9.0.50
12-Feb-2022 13:41:44.758 INFO [main] org.apache.catalina.startup.VersionLoggerListener.log Command line argument: -Dcatalina.home=J:\ide programs\apache-tomcat-9.0.50
12-Feb-2022 13:41:44.758 INFO [main] org.apache.catalina.startup.VersionLoggerListener.log Command line argument: -Djava.io.tmpdir=J:\ide programs\apache-tomcat-9.0.50\temp
12-Feb-2022 13:41:44.761 INFO [main] org.apache.catalina.core.AprLifecycleListener.lifecycleEvent Loaded Apache Tomcat Native library [1.2.30] using APR version [1.7.0].
12-Feb-2022 13:41:44.761 INFO [main] org.apache.catalina.core.AprLifecycleListener.lifecycleEvent APR capabilities: IPv6 [true], sendfile [true], accept filters [false], random [true], UDS [true].
12-Feb-2022 13:41:44.768 INFO [main] org.apache.catalina.core.AprLifecycleListener.lifecycleEvent APR/OpenSSL configuration: useAprConnector [false], useOpenSSL [true]
12-Feb-2022 13:41:44.776 INFO [main] org.apache.catalina.core.AprLifecycleListener.initializeSSL OpenSSL successfully initialized [OpenSSL 1.1.1k  25 Mar 2021]
12-Feb-2022 13:41:45.577 INFO [main] org.apache.coyote.AbstractProtocol.init Initializing ProtocolHandler ["http-nio-8080"]
12-Feb-2022 13:41:45.834 INFO [main] org.apache.catalina.startup.Catalina.load Server initialization in [1359] milliseconds
12-Feb-2022 13:41:46.035 INFO [main] org.apache.catalina.core.StandardService.startInternal Starting service [Catalina]
12-Feb-2022 13:41:46.035 INFO [main] org.apache.catalina.core.StandardEngine.startInternal Starting Servlet engine: [Apache Tomcat/9.0.50]
12-Feb-2022 13:41:46.085 INFO [main] org.apache.catalina.startup.HostConfig.deployDescriptor Deploying deployment descriptor [J:\ide programs\apache-tomcat-9.0.50\conf\Catalina\localhost\Durva_EJ_CA2.xml]
12-Feb-2022 13:41:46.148 WARNING [main] org.apache.catalina.startup.HostConfig.deployDescriptor The path attribute with value [/Durva_EJ_CA2] in deployment descriptor [J:\ide programs\apache-tomcat-9.0.50\conf\Catalina\localhost\Durva_EJ_CA2.xml] has been ignored
12-Feb-2022 13:41:47.048 WARNING [main] org.apache.catalina.util.SessionIdGeneratorBase.createSecureRandom Creation of SecureRandom instance for session ID generation using [SHA1PRNG] took [127] milliseconds.
12-Feb-2022 13:41:47.101 INFO [main] org.apache.catalina.startup.HostConfig.deployDescriptor Deployment of deployment descriptor [J:\ide programs\apache-tomcat-9.0.50\conf\Catalina\localhost\Durva_EJ_CA2.xml] has finished in [1,016] ms
12-Feb-2022 13:41:47.102 INFO [main] org.apache.catalina.startup.HostConfig.deployDescriptor Deploying deployment descriptor [J:\ide programs\apache-tomcat-9.0.50\conf\Catalina\localhost\intro.xml]
12-Feb-2022 13:41:47.103 WARNING [main] org.apache.catalina.startup.HostConfig.deployDescriptor The path attribute with value [/intro] in deployment descriptor [J:\ide programs\apache-tomcat-9.0.50\conf\Catalina\localhost\intro.xml] has been ignored
12-Feb-2022 13:41:47.565 INFO [main] org.apache.jasper.servlet.TldScanner.scanJars At least one JAR was scanned for TLDs yet contained no TLDs. Enable debug logging for this logger for a complete list of JARs that were scanned but no TLDs were found in them. Skipping unneeded JARs during scanning can improve startup time and JSP compilation time.
12-Feb-2022 13:41:47.569 INFO [main] org.apache.catalina.startup.HostConfig.deployDescriptor Deployment of deployment descriptor [J:\ide programs\apache-tomcat-9.0.50\conf\Catalina\localhost\intro.xml] has finished in [467] ms
12-Feb-2022 13:41:47.569 INFO [main] org.apache.catalina.startup.HostConfig.deployDescriptor Deploying deployment descriptor [J:\ide programs\apache-tomcat-9.0.50\conf\Catalina\localhost\redecor.xml]
12-Feb-2022 13:41:47.570 WARNING [main] org.apache.catalina.startup.HostConfig.deployDescriptor The path attribute with value [/redecor] in deployment descriptor [J:\ide programs\apache-tomcat-9.0.50\conf\Catalina\localhost\redecor.xml] has been ignored
12-Feb-2022 13:41:48.031 INFO [main] org.apache.jasper.servlet.TldScanner.scanJars At least one JAR was scanned for TLDs yet contained no TLDs. Enable debug logging for this logger for a complete list of JARs that were scanned but no TLDs were found in them. Skipping unneeded JARs during scanning can improve startup time and JSP compilation time.
12-Feb-2022 13:41:48.118 INFO [main] org.apache.catalina.startup.HostConfig.deployDescriptor Deployment of deployment descriptor [J:\ide programs\apache-tomcat-9.0.50\conf\Catalina\localhost\redecor.xml] has finished in [548] ms
12-Feb-2022 13:41:48.118 INFO [main] org.apache.catalina.startup.HostConfig.deployDescriptor Deploying deployment descriptor [J:\ide programs\apache-tomcat-9.0.50\conf\Catalina\localhost\redecor_webpage.xml]
12-Feb-2022 13:41:48.119 WARNING [main] org.apache.catalina.startup.HostConfig.deployDescriptor The path attribute with value [/redecor_webpage] in deployment descriptor [J:\ide programs\apache-tomcat-9.0.50\conf\Catalina\localhost\redecor_webpage.xml] has been ignored
12-Feb-2022 13:41:48.125 SEVERE [main] org.apache.catalina.startup.HostConfig.deployDescriptor Error deploying deployment descriptor [J:\ide programs\apache-tomcat-9.0.50\conf\Catalina\localhost\redecor_webpage.xml]
	java.lang.IllegalStateException: Error starting child
		at org.apache.catalina.core.ContainerBase.addChildInternal(ContainerBase.java:731)
		at org.apache.catalina.core.ContainerBase.addChild(ContainerBase.java:700)
		at org.apache.catalina.core.StandardHost.addChild(StandardHost.java:696)
		at org.apache.catalina.startup.HostConfig.deployDescriptor(HostConfig.java:690)
		at org.apache.catalina.startup.HostConfig$DeployDescriptor.run(HostConfig.java:1889)
		at java.base/java.util.concurrent.Executors$RunnableAdapter.call(Executors.java:515)
		at java.base/java.util.concurrent.FutureTask.run(FutureTask.java:264)
		at org.apache.tomcat.util.threads.InlineExecutorService.execute(InlineExecutorService.java:75)
		at java.base/java.util.concurrent.AbstractExecutorService.submit(AbstractExecutorService.java:118)
		at org.apache.catalina.startup.HostConfig.deployDescriptors(HostConfig.java:583)
		at org.apache.catalina.startup.HostConfig.deployApps(HostConfig.java:473)
		at org.apache.catalina.startup.HostConfig.start(HostConfig.java:1618)
		at org.apache.catalina.startup.HostConfig.lifecycleEvent(HostConfig.java:319)
		at org.apache.catalina.util.LifecycleBase.fireLifecycleEvent(LifecycleBase.java:123)
		at org.apache.catalina.util.LifecycleBase.setStateInternal(LifecycleBase.java:423)
		at org.apache.catalina.util.LifecycleBase.setState(LifecycleBase.java:366)
		at org.apache.catalina.core.ContainerBase.startInternal(ContainerBase.java:948)
		at org.apache.catalina.core.StandardHost.startInternal(StandardHost.java:835)
		at org.apache.catalina.util.LifecycleBase.start(LifecycleBase.java:183)
		at org.apache.catalina.core.ContainerBase$StartChild.call(ContainerBase.java:1398)
		at org.apache.catalina.core.ContainerBase$StartChild.call(ContainerBase.java:1388)
		at java.base/java.util.concurrent.FutureTask.run(FutureTask.java:264)
		at org.apache.tomcat.util.threads.InlineExecutorService.execute(InlineExecutorService.java:75)
		at java.base/java.util.concurrent.AbstractExecutorService.submit(AbstractExecutorService.java:140)
		at org.apache.catalina.core.ContainerBase.startInternal(ContainerBase.java:921)
		at org.apache.catalina.core.StandardEngine.startInternal(StandardEngine.java:263)
		at org.apache.catalina.util.LifecycleBase.start(LifecycleBase.java:183)
		at org.apache.catalina.core.StandardService.startInternal(StandardService.java:437)
		at org.apache.catalina.util.LifecycleBase.start(LifecycleBase.java:183)
		at org.apache.catalina.core.StandardServer.startInternal(StandardServer.java:934)
		at org.apache.catalina.util.LifecycleBase.start(LifecycleBase.java:183)
		at org.apache.catalina.startup.Catalina.start(Catalina.java:772)
		at java.base/jdk.internal.reflect.NativeMethodAccessorImpl.invoke0(Native Method)
		at java.base/jdk.internal.reflect.NativeMethodAccessorImpl.invoke(NativeMethodAccessorImpl.java:64)
		at java.base/jdk.internal.reflect.DelegatingMethodAccessorImpl.invoke(DelegatingMethodAccessorImpl.java:43)
		at java.base/java.lang.reflect.Method.invoke(Method.java:564)
		at org.apache.catalina.startup.Bootstrap.start(Bootstrap.java:345)
		at org.apache.catalina.startup.Bootstrap.main(Bootstrap.java:476)
	Caused by: org.apache.catalina.LifecycleException: Failed to start component [org.apache.catalina.webresources.StandardRoot@44a2b17b]
		at org.apache.catalina.util.LifecycleBase.handleSubClassException(LifecycleBase.java:440)
		at org.apache.catalina.util.LifecycleBase.start(LifecycleBase.java:198)
		at org.apache.catalina.core.StandardContext.resourcesStart(StandardContext.java:4885)
		at org.apache.catalina.core.StandardContext.startInternal(StandardContext.java:5023)
		at org.apache.catalina.util.LifecycleBase.start(LifecycleBase.java:183)
		at org.apache.catalina.core.ContainerBase.addChildInternal(ContainerBase.java:728)
		... 37 more
	Caused by: java.lang.IllegalArgumentException: The main resource set specified [J:\ide programs\redecor webpage\build\web] is not valid
		at org.apache.catalina.webresources.StandardRoot.createMainResourceSet(StandardRoot.java:751)
		at org.apache.catalina.webresources.StandardRoot.startInternal(StandardRoot.java:708)
		at org.apache.catalina.util.LifecycleBase.start(LifecycleBase.java:183)
		... 41 more
12-Feb-2022 13:41:48.170 INFO [main] org.apache.catalina.startup.HostConfig.deployDescriptor Deployment of deployment descriptor [J:\ide programs\apache-tomcat-9.0.50\conf\Catalina\localhost\redecor_webpage.xml] has finished in [52] ms
12-Feb-2022 13:41:48.170 INFO [main] org.apache.catalina.startup.HostConfig.deployDescriptor Deploying deployment descriptor [J:\ide programs\apache-tomcat-9.0.50\conf\Catalina\localhost\WebApplication1.xml]
12-Feb-2022 13:41:48.171 WARNING [main] org.apache.catalina.startup.HostConfig.deployDescriptor The path attribute with value [/WebApplication1] in deployment descriptor [J:\ide programs\apache-tomcat-9.0.50\conf\Catalina\localhost\WebApplication1.xml] has been ignored
12-Feb-2022 13:41:48.315 INFO [main] org.apache.catalina.startup.HostConfig.deployDescriptor Deployment of deployment descriptor [J:\ide programs\apache-tomcat-9.0.50\conf\Catalina\localhost\WebApplication1.xml] has finished in [144] ms
12-Feb-2022 13:41:48.318 INFO [main] org.apache.catalina.startup.HostConfig.deployDirectory Deploying web application directory [J:\ide programs\apache-tomcat-9.0.50\webapps\docs]
12-Feb-2022 13:41:48.536 INFO [main] org.apache.catalina.startup.HostConfig.deployDirectory Deployment of web application directory [J:\ide programs\apache-tomcat-9.0.50\webapps\docs] has finished in [218] ms
12-Feb-2022 13:41:48.537 INFO [main] org.apache.catalina.startup.HostConfig.deployDirectory Deploying web application directory [J:\ide programs\apache-tomcat-9.0.50\webapps\examples]
12-Feb-2022 13:41:49.951 INFO [main] org.apache.catalina.startup.HostConfig.deployDirectory Deployment of web application directory [J:\ide programs\apache-tomcat-9.0.50\webapps\examples] has finished in [1,413] ms
12-Feb-2022 13:41:49.951 INFO [main] org.apache.catalina.startup.HostConfig.deployDirectory Deploying web application directory [J:\ide programs\apache-tomcat-9.0.50\webapps\host-manager]
12-Feb-2022 13:41:50.177 INFO [main] org.apache.catalina.startup.HostConfig.deployDirectory Deployment of web application directory [J:\ide programs\apache-tomcat-9.0.50\webapps\host-manager] has finished in [226] ms
12-Feb-2022 13:41:50.177 INFO [main] org.apache.catalina.startup.HostConfig.deployDirectory Deploying web application directory [J:\ide programs\apache-tomcat-9.0.50\webapps\manager]
12-Feb-2022 13:41:50.334 INFO [main] org.apache.catalina.startup.HostConfig.deployDirectory Deployment of web application directory [J:\ide programs\apache-tomcat-9.0.50\webapps\manager] has finished in [157] ms
12-Feb-2022 13:41:50.334 INFO [main] org.apache.catalina.startup.HostConfig.deployDirectory Deploying web application directory [J:\ide programs\apache-tomcat-9.0.50\webapps\ROOT]
12-Feb-2022 13:41:50.406 INFO [main] org.apache.catalina.startup.HostConfig.deployDirectory Deployment of web application directory [J:\ide programs\apache-tomcat-9.0.50\webapps\ROOT] has finished in [62] ms
12-Feb-2022 13:41:50.460 INFO [main] org.apache.coyote.AbstractProtocol.start Starting ProtocolHandler ["http-nio-8080"]
12-Feb-2022 13:41:50.846 INFO [main] org.apache.catalina.startup.Catalina.start Server startup in [5011] milliseconds
12-Feb-2022 13:41:57.391 INFO [http-nio-8080-exec-10] org.apache.catalina.startup.HostConfig.undeploy Undeploying context [/WebApplication1]
12-Feb-2022 13:41:57.456 INFO [http-nio-8080-exec-2] org.apache.catalina.startup.HostConfig.deployDescriptor Deploying deployment descriptor [J:\ide programs\apache-tomcat-9.0.50\conf\Catalina\localhost\WebApplication1.xml]
12-Feb-2022 13:41:57.457 WARNING [http-nio-8080-exec-2] org.apache.catalina.startup.HostConfig.deployDescriptor The path attribute with value [/WebApplication1] in deployment descriptor [J:\ide programs\apache-tomcat-9.0.50\conf\Catalina\localhost\WebApplication1.xml] has been ignored
12-Feb-2022 13:41:57.491 INFO [http-nio-8080-exec-2] org.apache.catalina.startup.HostConfig.deployDescriptor Deployment of deployment descriptor [J:\ide programs\apache-tomcat-9.0.50\conf\Catalina\localhost\WebApplication1.xml] has finished in [35] ms
