11-Feb-2022 01:32:56.193 INFO [main] org.apache.catalina.core.ApplicationContext.log SessionListener: contextDestroyed()
11-Feb-2022 01:32:56.193 INFO [main] org.apache.catalina.core.ApplicationContext.log ContextListener: contextDestroyed()
11-Feb-2022 08:51:44.867 INFO [main] org.apache.catalina.core.ApplicationContext.log ContextListener: contextInitialized()
11-Feb-2022 08:51:44.867 INFO [main] org.apache.catalina.core.ApplicationContext.log SessionListener: contextInitialized()
11-Feb-2022 08:51:44.869 INFO [main] org.apache.catalina.core.ApplicationContext.log ContextListener: attributeAdded('StockTicker', 'async.Stockticker@680362a')
11-Feb-2022 09:05:26.809 SEVERE [http-nio-8080-exec-1] org.apache.catalina.core.StandardWrapperValve.invoke Servlet.service() for servlet [jsp] in context with path [/redecor] threw exception [An exception occurred processing [/order.jsp] at line [22]

19: Connection conn = DriverManager.getConnection("jdbc:mysql://localhost:3306/products", "root", "");
20: Statement st=conn.createStatement();
21: String oid=session.getAttribute("oid").toString();
22: ResultSet rs=st.executeQuery("select cart.Model_Name,cart.Quantity,cart.Total,orders.email,orders.rec_name,orders.rec_address,orders.rec_mob,orders.date from cart,orders where cart.username=orders.username where orders.order_id='"+oid+"'");
23: while(rs.next())
24: {
25: int t=Integer.parseInt(rs.getString(3));


Stacktrace:] with root cause
	org.mariadb.jdbc.internal.common.QueryException: You have an error in your SQL syntax; check the manual that corresponds to your MariaDB server version for the right syntax to use near 'where orders.order_id='2'' at line 1
Query is:
select cart.Model_Name,cart.Quantity,cart.Total,orders.email,orders.rec_name,orders.rec_address,orders.rec_mob,orders.date from cart,orders where cart.username=orders.username where orders.order_id='2'
		at org.mariadb.jdbc.internal.mysql.MySQLProtocol.getResult(MySQLProtocol.java:984)
		at org.mariadb.jdbc.internal.mysql.MySQLProtocol.executeQuery(MySQLProtocol.java:1038)
		at org.mariadb.jdbc.internal.mysql.MySQLProtocol.executeQuery(MySQLProtocol.java:1020)
		at org.mariadb.jdbc.MySQLStatement.execute(MySQLStatement.java:271)
		at org.mariadb.jdbc.MySQLStatement.executeQuery(MySQLStatement.java:333)
		at org.mariadb.jdbc.MySQLStatement.executeQuery(MySQLStatement.java:392)
		at org.apache.jsp.order_jsp._jspService(order_jsp.java:152)
		at org.apache.jasper.runtime.HttpJspBase.service(HttpJspBase.java:70)
		at javax.servlet.http.HttpServlet.service(HttpServlet.java:764)
		at org.apache.jasper.servlet.JspServletWrapper.service(JspServletWrapper.java:466)
		at org.apache.jasper.servlet.JspServlet.serviceJspFile(JspServlet.java:379)
		at org.apache.jasper.servlet.JspServlet.service(JspServlet.java:327)
		at javax.servlet.http.HttpServlet.service(HttpServlet.java:764)
		at org.apache.catalina.core.ApplicationFilterChain.internalDoFilter(ApplicationFilterChain.java:228)
		at org.apache.catalina.core.ApplicationFilterChain.doFilter(ApplicationFilterChain.java:163)
		at org.apache.tomcat.websocket.server.WsFilter.doFilter(WsFilter.java:53)
		at org.apache.catalina.core.ApplicationFilterChain.internalDoFilter(ApplicationFilterChain.java:190)
		at org.apache.catalina.core.ApplicationFilterChain.doFilter(ApplicationFilterChain.java:163)
		at org.apache.catalina.core.StandardWrapperValve.invoke(StandardWrapperValve.java:202)
		at org.apache.catalina.core.StandardContextValve.invoke(StandardContextValve.java:97)
		at org.apache.catalina.authenticator.AuthenticatorBase.invoke(AuthenticatorBase.java:542)
		at org.apache.catalina.core.StandardHostValve.invoke(StandardHostValve.java:143)
		at org.apache.catalina.valves.ErrorReportValve.invoke(ErrorReportValve.java:92)
		at org.apache.catalina.valves.AbstractAccessLogValve.invoke(AbstractAccessLogValve.java:687)
		at org.apache.catalina.core.StandardEngineValve.invoke(StandardEngineValve.java:78)
		at org.apache.catalina.connector.CoyoteAdapter.service(CoyoteAdapter.java:357)
		at org.apache.coyote.http11.Http11Processor.service(Http11Processor.java:382)
		at org.apache.coyote.AbstractProcessorLight.process(AbstractProcessorLight.java:65)
		at org.apache.coyote.AbstractProtocol$ConnectionHandler.process(AbstractProtocol.java:893)
		at org.apache.tomcat.util.net.NioEndpoint$SocketProcessor.doRun(NioEndpoint.java:1723)
		at org.apache.tomcat.util.net.SocketProcessorBase.run(SocketProcessorBase.java:49)
		at java.base/java.util.concurrent.ThreadPoolExecutor.runWorker(ThreadPoolExecutor.java:1130)
		at java.base/java.util.concurrent.ThreadPoolExecutor$Worker.run(ThreadPoolExecutor.java:630)
		at org.apache.tomcat.util.threads.TaskThread$WrappingRunnable.run(TaskThread.java:61)
		at java.base/java.lang.Thread.run(Thread.java:832)
11-Feb-2022 09:06:42.838 SEVERE [http-nio-8080-exec-2] org.apache.catalina.core.StandardWrapperValve.invoke Servlet.service() for servlet [jsp] in context with path [/redecor] threw exception [An exception occurred processing [/order.jsp] at line [22]

19: Connection conn = DriverManager.getConnection("jdbc:mysql://localhost:3306/products", "root", "");
20: Statement st=conn.createStatement();
21: String oid=session.getAttribute("oid").toString();
22: ResultSet rs=st.executeQuery("select cart.Model_Name,cart.Quantity,cart.Total,orders.email,orders.rec_name,orders.rec_address,orders.rec_mob,orders.date from cart,orders where cart.username=orders.username where orders.order_id="+oid+"");
23: while(rs.next())
24: {
25: int t=Integer.parseInt(rs.getString(3));


Stacktrace:] with root cause
	org.mariadb.jdbc.internal.common.QueryException: You have an error in your SQL syntax; check the manual that corresponds to your MariaDB server version for the right syntax to use near 'where orders.order_id=3' at line 1
Query is:
select cart.Model_Name,cart.Quantity,cart.Total,orders.email,orders.rec_name,orders.rec_address,orders.rec_mob,orders.date from cart,orders where cart.username=orders.username where orders.order_id=3
		at org.mariadb.jdbc.internal.mysql.MySQLProtocol.getResult(MySQLProtocol.java:984)
		at org.mariadb.jdbc.internal.mysql.MySQLProtocol.executeQuery(MySQLProtocol.java:1038)
		at org.mariadb.jdbc.internal.mysql.MySQLProtocol.executeQuery(MySQLProtocol.java:1020)
		at org.mariadb.jdbc.MySQLStatement.execute(MySQLStatement.java:271)
		at org.mariadb.jdbc.MySQLStatement.executeQuery(MySQLStatement.java:333)
		at org.mariadb.jdbc.MySQLStatement.executeQuery(MySQLStatement.java:392)
		at org.apache.jsp.order_jsp._jspService(order_jsp.java:152)
		at org.apache.jasper.runtime.HttpJspBase.service(HttpJspBase.java:70)
		at javax.servlet.http.HttpServlet.service(HttpServlet.java:764)
		at org.apache.jasper.servlet.JspServletWrapper.service(JspServletWrapper.java:466)
		at org.apache.jasper.servlet.JspServlet.serviceJspFile(JspServlet.java:379)
		at org.apache.jasper.servlet.JspServlet.service(JspServlet.java:327)
		at javax.servlet.http.HttpServlet.service(HttpServlet.java:764)
		at org.apache.catalina.core.ApplicationFilterChain.internalDoFilter(ApplicationFilterChain.java:228)
		at org.apache.catalina.core.ApplicationFilterChain.doFilter(ApplicationFilterChain.java:163)
		at org.apache.tomcat.websocket.server.WsFilter.doFilter(WsFilter.java:53)
		at org.apache.catalina.core.ApplicationFilterChain.internalDoFilter(ApplicationFilterChain.java:190)
		at org.apache.catalina.core.ApplicationFilterChain.doFilter(ApplicationFilterChain.java:163)
		at org.apache.catalina.core.StandardWrapperValve.invoke(StandardWrapperValve.java:202)
		at org.apache.catalina.core.StandardContextValve.invoke(StandardContextValve.java:97)
		at org.apache.catalina.authenticator.AuthenticatorBase.invoke(AuthenticatorBase.java:542)
		at org.apache.catalina.core.StandardHostValve.invoke(StandardHostValve.java:143)
		at org.apache.catalina.valves.ErrorReportValve.invoke(ErrorReportValve.java:92)
		at org.apache.catalina.valves.AbstractAccessLogValve.invoke(AbstractAccessLogValve.java:687)
		at org.apache.catalina.core.StandardEngineValve.invoke(StandardEngineValve.java:78)
		at org.apache.catalina.connector.CoyoteAdapter.service(CoyoteAdapter.java:357)
		at org.apache.coyote.http11.Http11Processor.service(Http11Processor.java:382)
		at org.apache.coyote.AbstractProcessorLight.process(AbstractProcessorLight.java:65)
		at org.apache.coyote.AbstractProtocol$ConnectionHandler.process(AbstractProtocol.java:893)
		at org.apache.tomcat.util.net.NioEndpoint$SocketProcessor.doRun(NioEndpoint.java:1723)
		at org.apache.tomcat.util.net.SocketProcessorBase.run(SocketProcessorBase.java:49)
		at java.base/java.util.concurrent.ThreadPoolExecutor.runWorker(ThreadPoolExecutor.java:1130)
		at java.base/java.util.concurrent.ThreadPoolExecutor$Worker.run(ThreadPoolExecutor.java:630)
		at org.apache.tomcat.util.threads.TaskThread$WrappingRunnable.run(TaskThread.java:61)
		at java.base/java.lang.Thread.run(Thread.java:832)
11-Feb-2022 09:07:48.759 SEVERE [http-nio-8080-exec-7] org.apache.catalina.core.StandardWrapperValve.invoke Servlet.service() for servlet [jsp] in context with path [/redecor] threw exception [An exception occurred processing [/order.jsp] at line [22]

19: Connection conn = DriverManager.getConnection("jdbc:mariadb://localhost:3306/products", "root", "");
20: Statement st=conn.createStatement();
21: String oid=session.getAttribute("oid").toString();
22: ResultSet rs=st.executeQuery("select cart.Model_Name,cart.Quantity,cart.Total,orders.email,orders.rec_name,orders.rec_address,orders.rec_mob,orders.date from cart,orders where cart.username=orders.username where orders.order_id="+oid+"");
23: while(rs.next())
24: {
25: int t=Integer.parseInt(rs.getString(3));


Stacktrace:] with root cause
	org.mariadb.jdbc.internal.common.QueryException: You have an error in your SQL syntax; check the manual that corresponds to your MariaDB server version for the right syntax to use near 'where orders.order_id=4' at line 1
Query is:
select cart.Model_Name,cart.Quantity,cart.Total,orders.email,orders.rec_name,orders.rec_address,orders.rec_mob,orders.date from cart,orders where cart.username=orders.username where orders.order_id=4
		at org.mariadb.jdbc.internal.mysql.MySQLProtocol.getResult(MySQLProtocol.java:984)
		at org.mariadb.jdbc.internal.mysql.MySQLProtocol.executeQuery(MySQLProtocol.java:1038)
		at org.mariadb.jdbc.internal.mysql.MySQLProtocol.executeQuery(MySQLProtocol.java:1020)
		at org.mariadb.jdbc.MySQLStatement.execute(MySQLStatement.java:271)
		at org.mariadb.jdbc.MySQLStatement.executeQuery(MySQLStatement.java:333)
		at org.mariadb.jdbc.MySQLStatement.executeQuery(MySQLStatement.java:392)
		at org.apache.jsp.order_jsp._jspService(order_jsp.java:152)
		at org.apache.jasper.runtime.HttpJspBase.service(HttpJspBase.java:70)
		at javax.servlet.http.HttpServlet.service(HttpServlet.java:764)
		at org.apache.jasper.servlet.JspServletWrapper.service(JspServletWrapper.java:466)
		at org.apache.jasper.servlet.JspServlet.serviceJspFile(JspServlet.java:379)
		at org.apache.jasper.servlet.JspServlet.service(JspServlet.java:327)
		at javax.servlet.http.HttpServlet.service(HttpServlet.java:764)
		at org.apache.catalina.core.ApplicationFilterChain.internalDoFilter(ApplicationFilterChain.java:228)
		at org.apache.catalina.core.ApplicationFilterChain.doFilter(ApplicationFilterChain.java:163)
		at org.apache.tomcat.websocket.server.WsFilter.doFilter(WsFilter.java:53)
		at org.apache.catalina.core.ApplicationFilterChain.internalDoFilter(ApplicationFilterChain.java:190)
		at org.apache.catalina.core.ApplicationFilterChain.doFilter(ApplicationFilterChain.java:163)
		at org.apache.catalina.core.StandardWrapperValve.invoke(StandardWrapperValve.java:202)
		at org.apache.catalina.core.StandardContextValve.invoke(StandardContextValve.java:97)
		at org.apache.catalina.authenticator.AuthenticatorBase.invoke(AuthenticatorBase.java:542)
		at org.apache.catalina.core.StandardHostValve.invoke(StandardHostValve.java:143)
		at org.apache.catalina.valves.ErrorReportValve.invoke(ErrorReportValve.java:92)
		at org.apache.catalina.valves.AbstractAccessLogValve.invoke(AbstractAccessLogValve.java:687)
		at org.apache.catalina.core.StandardEngineValve.invoke(StandardEngineValve.java:78)
		at org.apache.catalina.connector.CoyoteAdapter.service(CoyoteAdapter.java:357)
		at org.apache.coyote.http11.Http11Processor.service(Http11Processor.java:382)
		at org.apache.coyote.AbstractProcessorLight.process(AbstractProcessorLight.java:65)
		at org.apache.coyote.AbstractProtocol$ConnectionHandler.process(AbstractProtocol.java:893)
		at org.apache.tomcat.util.net.NioEndpoint$SocketProcessor.doRun(NioEndpoint.java:1723)
		at org.apache.tomcat.util.net.SocketProcessorBase.run(SocketProcessorBase.java:49)
		at java.base/java.util.concurrent.ThreadPoolExecutor.runWorker(ThreadPoolExecutor.java:1130)
		at java.base/java.util.concurrent.ThreadPoolExecutor$Worker.run(ThreadPoolExecutor.java:630)
		at org.apache.tomcat.util.threads.TaskThread$WrappingRunnable.run(TaskThread.java:61)
		at java.base/java.lang.Thread.run(Thread.java:832)
11-Feb-2022 09:09:18.482 SEVERE [http-nio-8080-exec-10] org.apache.catalina.core.StandardWrapperValve.invoke Servlet.service() for servlet [jsp] in context with path [/redecor] threw exception [An exception occurred processing [/order.jsp] at line [22]

19: Connection conn = DriverManager.getConnection("jdbc:mariadb://localhost:3306/products", "root", "");
20: Statement st=conn.createStatement();
21: String oid=session.getAttribute("oid").toString();
22: ResultSet rs=st.executeQuery("select cart.Model_Name,cart.Quantity,cart.Total,orders.email,orders.rec_name,orders.rec_address,orders.rec_mob,orders.order_id,orders.date from cart,orders where cart.username=orders.username where orders.order_id="+oid+"");
23: while(rs.next())
24: {
25: int t=Integer.parseInt(rs.getString(3));


Stacktrace:] with root cause
	org.mariadb.jdbc.internal.common.QueryException: You have an error in your SQL syntax; check the manual that corresponds to your MariaDB server version for the right syntax to use near 'where orders.order_id=5' at line 1
Query is:
select cart.Model_Name,cart.Quantity,cart.Total,orders.email,orders.rec_name,orders.rec_address,orders.rec_mob,orders.order_id,orders.date from cart,orders where cart.username=orders.username where orders.order_id=5
		at org.mariadb.jdbc.internal.mysql.MySQLProtocol.getResult(MySQLProtocol.java:984)
		at org.mariadb.jdbc.internal.mysql.MySQLProtocol.executeQuery(MySQLProtocol.java:1038)
		at org.mariadb.jdbc.internal.mysql.MySQLProtocol.executeQuery(MySQLProtocol.java:1020)
		at org.mariadb.jdbc.MySQLStatement.execute(MySQLStatement.java:271)
		at org.mariadb.jdbc.MySQLStatement.executeQuery(MySQLStatement.java:333)
		at org.mariadb.jdbc.MySQLStatement.executeQuery(MySQLStatement.java:392)
		at org.apache.jsp.order_jsp._jspService(order_jsp.java:152)
		at org.apache.jasper.runtime.HttpJspBase.service(HttpJspBase.java:70)
		at javax.servlet.http.HttpServlet.service(HttpServlet.java:764)
		at org.apache.jasper.servlet.JspServletWrapper.service(JspServletWrapper.java:466)
		at org.apache.jasper.servlet.JspServlet.serviceJspFile(JspServlet.java:379)
		at org.apache.jasper.servlet.JspServlet.service(JspServlet.java:327)
		at javax.servlet.http.HttpServlet.service(HttpServlet.java:764)
		at org.apache.catalina.core.ApplicationFilterChain.internalDoFilter(ApplicationFilterChain.java:228)
		at org.apache.catalina.core.ApplicationFilterChain.doFilter(ApplicationFilterChain.java:163)
		at org.apache.tomcat.websocket.server.WsFilter.doFilter(WsFilter.java:53)
		at org.apache.catalina.core.ApplicationFilterChain.internalDoFilter(ApplicationFilterChain.java:190)
		at org.apache.catalina.core.ApplicationFilterChain.doFilter(ApplicationFilterChain.java:163)
		at org.apache.catalina.core.StandardWrapperValve.invoke(StandardWrapperValve.java:202)
		at org.apache.catalina.core.StandardContextValve.invoke(StandardContextValve.java:97)
		at org.apache.catalina.authenticator.AuthenticatorBase.invoke(AuthenticatorBase.java:542)
		at org.apache.catalina.core.StandardHostValve.invoke(StandardHostValve.java:143)
		at org.apache.catalina.valves.ErrorReportValve.invoke(ErrorReportValve.java:92)
		at org.apache.catalina.valves.AbstractAccessLogValve.invoke(AbstractAccessLogValve.java:687)
		at org.apache.catalina.core.StandardEngineValve.invoke(StandardEngineValve.java:78)
		at org.apache.catalina.connector.CoyoteAdapter.service(CoyoteAdapter.java:357)
		at org.apache.coyote.http11.Http11Processor.service(Http11Processor.java:382)
		at org.apache.coyote.AbstractProcessorLight.process(AbstractProcessorLight.java:65)
		at org.apache.coyote.AbstractProtocol$ConnectionHandler.process(AbstractProtocol.java:893)
		at org.apache.tomcat.util.net.NioEndpoint$SocketProcessor.doRun(NioEndpoint.java:1723)
		at org.apache.tomcat.util.net.SocketProcessorBase.run(SocketProcessorBase.java:49)
		at java.base/java.util.concurrent.ThreadPoolExecutor.runWorker(ThreadPoolExecutor.java:1130)
		at java.base/java.util.concurrent.ThreadPoolExecutor$Worker.run(ThreadPoolExecutor.java:630)
		at org.apache.tomcat.util.threads.TaskThread$WrappingRunnable.run(TaskThread.java:61)
		at java.base/java.lang.Thread.run(Thread.java:832)
11-Feb-2022 09:27:49.144 INFO [main] org.apache.catalina.core.ApplicationContext.log SessionListener: contextDestroyed()
11-Feb-2022 09:27:49.144 INFO [main] org.apache.catalina.core.ApplicationContext.log ContextListener: contextDestroyed()
11-Feb-2022 11:55:06.536 INFO [main] org.apache.catalina.core.ApplicationContext.log ContextListener: contextInitialized()
11-Feb-2022 11:55:06.536 INFO [main] org.apache.catalina.core.ApplicationContext.log SessionListener: contextInitialized()
11-Feb-2022 11:55:06.538 INFO [main] org.apache.catalina.core.ApplicationContext.log ContextListener: attributeAdded('StockTicker', 'async.Stockticker@66d57c1b')
11-Feb-2022 12:17:55.032 SEVERE [http-nio-8080-exec-2] org.apache.catalina.core.StandardWrapperValve.invoke Servlet.service() for servlet [jsp] in context with path [/redecor] threw exception [An exception occurred processing [/order.jsp] at line [26]

23: ResultSet rs=st.executeQuery("select rec_name, rec_address from orders");
24: while(rs.next()) 
25: {
26: int t=Integer.parseInt(rs.getString(3));
27: int quantity=Integer.parseInt(rs.getString(2));
28: String modname=rs.getString(1);
29: String email=rs.getString(4);


Stacktrace:] with root cause
	org.mariadb.jdbc.internal.common.queryresults.NoSuchColumnException: No such column: 2
		at org.mariadb.jdbc.internal.common.queryresults.CachedSelectResult.getValueObject(CachedSelectResult.java:118)
		at org.mariadb.jdbc.MySQLResultSet.getValueObject(MySQLResultSet.java:146)
		at org.mariadb.jdbc.MySQLResultSet.getString(MySQLResultSet.java:131)
		at org.apache.jsp.order_jsp._jspService(order_jsp.java:156)
		at org.apache.jasper.runtime.HttpJspBase.service(HttpJspBase.java:70)
		at javax.servlet.http.HttpServlet.service(HttpServlet.java:764)
		at org.apache.jasper.servlet.JspServletWrapper.service(JspServletWrapper.java:466)
		at org.apache.jasper.servlet.JspServlet.serviceJspFile(JspServlet.java:379)
		at org.apache.jasper.servlet.JspServlet.service(JspServlet.java:327)
		at javax.servlet.http.HttpServlet.service(HttpServlet.java:764)
		at org.apache.catalina.core.ApplicationFilterChain.internalDoFilter(ApplicationFilterChain.java:228)
		at org.apache.catalina.core.ApplicationFilterChain.doFilter(ApplicationFilterChain.java:163)
		at org.apache.tomcat.websocket.server.WsFilter.doFilter(WsFilter.java:53)
		at org.apache.catalina.core.ApplicationFilterChain.internalDoFilter(ApplicationFilterChain.java:190)
		at org.apache.catalina.core.ApplicationFilterChain.doFilter(ApplicationFilterChain.java:163)
		at org.apache.catalina.core.StandardWrapperValve.invoke(StandardWrapperValve.java:202)
		at org.apache.catalina.core.StandardContextValve.invoke(StandardContextValve.java:97)
		at org.apache.catalina.authenticator.AuthenticatorBase.invoke(AuthenticatorBase.java:542)
		at org.apache.catalina.core.StandardHostValve.invoke(StandardHostValve.java:143)
		at org.apache.catalina.valves.ErrorReportValve.invoke(ErrorReportValve.java:92)
		at org.apache.catalina.valves.AbstractAccessLogValve.invoke(AbstractAccessLogValve.java:687)
		at org.apache.catalina.core.StandardEngineValve.invoke(StandardEngineValve.java:78)
		at org.apache.catalina.connector.CoyoteAdapter.service(CoyoteAdapter.java:357)
		at org.apache.coyote.http11.Http11Processor.service(Http11Processor.java:382)
		at org.apache.coyote.AbstractProcessorLight.process(AbstractProcessorLight.java:65)
		at org.apache.coyote.AbstractProtocol$ConnectionHandler.process(AbstractProtocol.java:893)
		at org.apache.tomcat.util.net.NioEndpoint$SocketProcessor.doRun(NioEndpoint.java:1723)
		at org.apache.tomcat.util.net.SocketProcessorBase.run(SocketProcessorBase.java:49)
		at java.base/java.util.concurrent.ThreadPoolExecutor.runWorker(ThreadPoolExecutor.java:1130)
		at java.base/java.util.concurrent.ThreadPoolExecutor$Worker.run(ThreadPoolExecutor.java:630)
		at org.apache.tomcat.util.threads.TaskThread$WrappingRunnable.run(TaskThread.java:61)
		at java.base/java.lang.Thread.run(Thread.java:832)
11-Feb-2022 13:22:20.655 SEVERE [http-nio-8080-exec-2] org.apache.catalina.core.StandardWrapperValve.invoke Servlet.service() for servlet [jsp] in context with path [/redecor] threw exception [An exception occurred processing [/order.jsp] at line [22]

19: Connection conn = DriverManager.getConnection("jdbc:mariadb://localhost:3306/products", "root", "");
20: Statement st=conn.createStatement();
21: String oid=session.getAttribute("oid").toString();
22: String cid=session.getAttribute("cid").toString();
23: //ResultSet rs=st.executeQuery("select cart.Model_Name,cart.Quantity,cart.Total,orders.email,orders.rec_name,orders.rec_address,orders.rec_mob,orders.date from orders where cart.username=orders.username and orders.order_id="+oid+"");
24: ResultSet rs=st.executeQuery("select email, rec_name, rec_address from orders where order_id="+oid+"");
25: ResultSet rs2=st.executeQuery("select Model_Name, Quantity, Total from cart where cart_id="+cid+"");


Stacktrace:] with root cause
	java.lang.NullPointerException: Cannot invoke "Object.toString()" because the return value of "javax.servlet.http.HttpSession.getAttribute(String)" is null
		at org.apache.jsp.order_jsp._jspService(order_jsp.java:152)
		at org.apache.jasper.runtime.HttpJspBase.service(HttpJspBase.java:70)
		at javax.servlet.http.HttpServlet.service(HttpServlet.java:764)
		at org.apache.jasper.servlet.JspServletWrapper.service(JspServletWrapper.java:466)
		at org.apache.jasper.servlet.JspServlet.serviceJspFile(JspServlet.java:379)
		at org.apache.jasper.servlet.JspServlet.service(JspServlet.java:327)
		at javax.servlet.http.HttpServlet.service(HttpServlet.java:764)
		at org.apache.catalina.core.ApplicationFilterChain.internalDoFilter(ApplicationFilterChain.java:228)
		at org.apache.catalina.core.ApplicationFilterChain.doFilter(ApplicationFilterChain.java:163)
		at org.apache.tomcat.websocket.server.WsFilter.doFilter(WsFilter.java:53)
		at org.apache.catalina.core.ApplicationFilterChain.internalDoFilter(ApplicationFilterChain.java:190)
		at org.apache.catalina.core.ApplicationFilterChain.doFilter(ApplicationFilterChain.java:163)
		at org.apache.catalina.core.StandardWrapperValve.invoke(StandardWrapperValve.java:202)
		at org.apache.catalina.core.StandardContextValve.invoke(StandardContextValve.java:97)
		at org.apache.catalina.authenticator.AuthenticatorBase.invoke(AuthenticatorBase.java:542)
		at org.apache.catalina.core.StandardHostValve.invoke(StandardHostValve.java:143)
		at org.apache.catalina.valves.ErrorReportValve.invoke(ErrorReportValve.java:92)
		at org.apache.catalina.valves.AbstractAccessLogValve.invoke(AbstractAccessLogValve.java:687)
		at org.apache.catalina.core.StandardEngineValve.invoke(StandardEngineValve.java:78)
		at org.apache.catalina.connector.CoyoteAdapter.service(CoyoteAdapter.java:357)
		at org.apache.coyote.http11.Http11Processor.service(Http11Processor.java:382)
		at org.apache.coyote.AbstractProcessorLight.process(AbstractProcessorLight.java:65)
		at org.apache.coyote.AbstractProtocol$ConnectionHandler.process(AbstractProtocol.java:893)
		at org.apache.tomcat.util.net.NioEndpoint$SocketProcessor.doRun(NioEndpoint.java:1723)
		at org.apache.tomcat.util.net.SocketProcessorBase.run(SocketProcessorBase.java:49)
		at java.base/java.util.concurrent.ThreadPoolExecutor.runWorker(ThreadPoolExecutor.java:1130)
		at java.base/java.util.concurrent.ThreadPoolExecutor$Worker.run(ThreadPoolExecutor.java:630)
		at org.apache.tomcat.util.threads.TaskThread$WrappingRunnable.run(TaskThread.java:61)
		at java.base/java.lang.Thread.run(Thread.java:832)
11-Feb-2022 13:23:02.139 SEVERE [http-nio-8080-exec-10] org.apache.catalina.core.StandardWrapperValve.invoke Servlet.service() for servlet [jsp] in context with path [/redecor] threw exception [An exception occurred processing [/order.jsp] at line [22]

19: Connection conn = DriverManager.getConnection("jdbc:mariadb://localhost:3306/products", "root", "");
20: Statement st=conn.createStatement();
21: String oid=session.getAttribute("oid").toString();
22: String cid=session.getAttribute("cid").toString();
23: //ResultSet rs=st.executeQuery("select cart.Model_Name,cart.Quantity,cart.Total,orders.email,orders.rec_name,orders.rec_address,orders.rec_mob,orders.date from orders where cart.username=orders.username and orders.order_id="+oid+"");
24: ResultSet rs=st.executeQuery("select email, rec_name, rec_address from orders where order_id="+oid+"");
25: ResultSet rs2=st.executeQuery("select Model_Name, Quantity, Total from cart where cart_id");


Stacktrace:] with root cause
	java.lang.NullPointerException: Cannot invoke "Object.toString()" because the return value of "javax.servlet.http.HttpSession.getAttribute(String)" is null
		at org.apache.jsp.order_jsp._jspService(order_jsp.java:152)
		at org.apache.jasper.runtime.HttpJspBase.service(HttpJspBase.java:70)
		at javax.servlet.http.HttpServlet.service(HttpServlet.java:764)
		at org.apache.jasper.servlet.JspServletWrapper.service(JspServletWrapper.java:466)
		at org.apache.jasper.servlet.JspServlet.serviceJspFile(JspServlet.java:379)
		at org.apache.jasper.servlet.JspServlet.service(JspServlet.java:327)
		at javax.servlet.http.HttpServlet.service(HttpServlet.java:764)
		at org.apache.catalina.core.ApplicationFilterChain.internalDoFilter(ApplicationFilterChain.java:228)
		at org.apache.catalina.core.ApplicationFilterChain.doFilter(ApplicationFilterChain.java:163)
		at org.apache.tomcat.websocket.server.WsFilter.doFilter(WsFilter.java:53)
		at org.apache.catalina.core.ApplicationFilterChain.internalDoFilter(ApplicationFilterChain.java:190)
		at org.apache.catalina.core.ApplicationFilterChain.doFilter(ApplicationFilterChain.java:163)
		at org.apache.catalina.core.StandardWrapperValve.invoke(StandardWrapperValve.java:202)
		at org.apache.catalina.core.StandardContextValve.invoke(StandardContextValve.java:97)
		at org.apache.catalina.authenticator.AuthenticatorBase.invoke(AuthenticatorBase.java:542)
		at org.apache.catalina.core.StandardHostValve.invoke(StandardHostValve.java:143)
		at org.apache.catalina.valves.ErrorReportValve.invoke(ErrorReportValve.java:92)
		at org.apache.catalina.valves.AbstractAccessLogValve.invoke(AbstractAccessLogValve.java:687)
		at org.apache.catalina.core.StandardEngineValve.invoke(StandardEngineValve.java:78)
		at org.apache.catalina.connector.CoyoteAdapter.service(CoyoteAdapter.java:357)
		at org.apache.coyote.http11.Http11Processor.service(Http11Processor.java:382)
		at org.apache.coyote.AbstractProcessorLight.process(AbstractProcessorLight.java:65)
		at org.apache.coyote.AbstractProtocol$ConnectionHandler.process(AbstractProtocol.java:893)
		at org.apache.tomcat.util.net.NioEndpoint$SocketProcessor.doRun(NioEndpoint.java:1723)
		at org.apache.tomcat.util.net.SocketProcessorBase.run(SocketProcessorBase.java:49)
		at java.base/java.util.concurrent.ThreadPoolExecutor.runWorker(ThreadPoolExecutor.java:1130)
		at java.base/java.util.concurrent.ThreadPoolExecutor$Worker.run(ThreadPoolExecutor.java:630)
		at org.apache.tomcat.util.threads.TaskThread$WrappingRunnable.run(TaskThread.java:61)
		at java.base/java.lang.Thread.run(Thread.java:832)
11-Feb-2022 13:23:04.435 SEVERE [http-nio-8080-exec-6] org.apache.catalina.core.StandardWrapperValve.invoke Servlet.service() for servlet [jsp] in context with path [/redecor] threw exception [An exception occurred processing [/order.jsp] at line [22]

19: Connection conn = DriverManager.getConnection("jdbc:mariadb://localhost:3306/products", "root", "");
20: Statement st=conn.createStatement();
21: String oid=session.getAttribute("oid").toString();
22: String cid=session.getAttribute("cid").toString();
23: //ResultSet rs=st.executeQuery("select cart.Model_Name,cart.Quantity,cart.Total,orders.email,orders.rec_name,orders.rec_address,orders.rec_mob,orders.date from orders where cart.username=orders.username and orders.order_id="+oid+"");
24: ResultSet rs=st.executeQuery("select email, rec_name, rec_address from orders where order_id="+oid+"");
25: ResultSet rs2=st.executeQuery("select Model_Name, Quantity, Total from cart where cart_id");


Stacktrace:] with root cause
	java.lang.NullPointerException: Cannot invoke "Object.toString()" because the return value of "javax.servlet.http.HttpSession.getAttribute(String)" is null
		at org.apache.jsp.order_jsp._jspService(order_jsp.java:152)
		at org.apache.jasper.runtime.HttpJspBase.service(HttpJspBase.java:70)
		at javax.servlet.http.HttpServlet.service(HttpServlet.java:764)
		at org.apache.jasper.servlet.JspServletWrapper.service(JspServletWrapper.java:466)
		at org.apache.jasper.servlet.JspServlet.serviceJspFile(JspServlet.java:379)
		at org.apache.jasper.servlet.JspServlet.service(JspServlet.java:327)
		at javax.servlet.http.HttpServlet.service(HttpServlet.java:764)
		at org.apache.catalina.core.ApplicationFilterChain.internalDoFilter(ApplicationFilterChain.java:228)
		at org.apache.catalina.core.ApplicationFilterChain.doFilter(ApplicationFilterChain.java:163)
		at org.apache.tomcat.websocket.server.WsFilter.doFilter(WsFilter.java:53)
		at org.apache.catalina.core.ApplicationFilterChain.internalDoFilter(ApplicationFilterChain.java:190)
		at org.apache.catalina.core.ApplicationFilterChain.doFilter(ApplicationFilterChain.java:163)
		at org.apache.catalina.core.StandardWrapperValve.invoke(StandardWrapperValve.java:202)
		at org.apache.catalina.core.StandardContextValve.invoke(StandardContextValve.java:97)
		at org.apache.catalina.authenticator.AuthenticatorBase.invoke(AuthenticatorBase.java:542)
		at org.apache.catalina.core.StandardHostValve.invoke(StandardHostValve.java:143)
		at org.apache.catalina.valves.ErrorReportValve.invoke(ErrorReportValve.java:92)
		at org.apache.catalina.valves.AbstractAccessLogValve.invoke(AbstractAccessLogValve.java:687)
		at org.apache.catalina.core.StandardEngineValve.invoke(StandardEngineValve.java:78)
		at org.apache.catalina.connector.CoyoteAdapter.service(CoyoteAdapter.java:357)
		at org.apache.coyote.http11.Http11Processor.service(Http11Processor.java:382)
		at org.apache.coyote.AbstractProcessorLight.process(AbstractProcessorLight.java:65)
		at org.apache.coyote.AbstractProtocol$ConnectionHandler.process(AbstractProtocol.java:893)
		at org.apache.tomcat.util.net.NioEndpoint$SocketProcessor.doRun(NioEndpoint.java:1723)
		at org.apache.tomcat.util.net.SocketProcessorBase.run(SocketProcessorBase.java:49)
		at java.base/java.util.concurrent.ThreadPoolExecutor.runWorker(ThreadPoolExecutor.java:1130)
		at java.base/java.util.concurrent.ThreadPoolExecutor$Worker.run(ThreadPoolExecutor.java:630)
		at org.apache.tomcat.util.threads.TaskThread$WrappingRunnable.run(TaskThread.java:61)
		at java.base/java.lang.Thread.run(Thread.java:832)
11-Feb-2022 13:23:05.438 SEVERE [http-nio-8080-exec-4] org.apache.catalina.core.StandardWrapperValve.invoke Servlet.service() for servlet [jsp] in context with path [/redecor] threw exception [An exception occurred processing [/order.jsp] at line [22]

19: Connection conn = DriverManager.getConnection("jdbc:mariadb://localhost:3306/products", "root", "");
20: Statement st=conn.createStatement();
21: String oid=session.getAttribute("oid").toString();
22: String cid=session.getAttribute("cid").toString();
23: //ResultSet rs=st.executeQuery("select cart.Model_Name,cart.Quantity,cart.Total,orders.email,orders.rec_name,orders.rec_address,orders.rec_mob,orders.date from orders where cart.username=orders.username and orders.order_id="+oid+"");
24: ResultSet rs=st.executeQuery("select email, rec_name, rec_address from orders where order_id="+oid+"");
25: ResultSet rs2=st.executeQuery("select Model_Name, Quantity, Total from cart where cart_id");


Stacktrace:] with root cause
	java.lang.NullPointerException: Cannot invoke "Object.toString()" because the return value of "javax.servlet.http.HttpSession.getAttribute(String)" is null
		at org.apache.jsp.order_jsp._jspService(order_jsp.java:152)
		at org.apache.jasper.runtime.HttpJspBase.service(HttpJspBase.java:70)
		at javax.servlet.http.HttpServlet.service(HttpServlet.java:764)
		at org.apache.jasper.servlet.JspServletWrapper.service(JspServletWrapper.java:466)
		at org.apache.jasper.servlet.JspServlet.serviceJspFile(JspServlet.java:379)
		at org.apache.jasper.servlet.JspServlet.service(JspServlet.java:327)
		at javax.servlet.http.HttpServlet.service(HttpServlet.java:764)
		at org.apache.catalina.core.ApplicationFilterChain.internalDoFilter(ApplicationFilterChain.java:228)
		at org.apache.catalina.core.ApplicationFilterChain.doFilter(ApplicationFilterChain.java:163)
		at org.apache.tomcat.websocket.server.WsFilter.doFilter(WsFilter.java:53)
		at org.apache.catalina.core.ApplicationFilterChain.internalDoFilter(ApplicationFilterChain.java:190)
		at org.apache.catalina.core.ApplicationFilterChain.doFilter(ApplicationFilterChain.java:163)
		at org.apache.catalina.core.StandardWrapperValve.invoke(StandardWrapperValve.java:202)
		at org.apache.catalina.core.StandardContextValve.invoke(StandardContextValve.java:97)
		at org.apache.catalina.authenticator.AuthenticatorBase.invoke(AuthenticatorBase.java:542)
		at org.apache.catalina.core.StandardHostValve.invoke(StandardHostValve.java:143)
		at org.apache.catalina.valves.ErrorReportValve.invoke(ErrorReportValve.java:92)
		at org.apache.catalina.valves.AbstractAccessLogValve.invoke(AbstractAccessLogValve.java:687)
		at org.apache.catalina.core.StandardEngineValve.invoke(StandardEngineValve.java:78)
		at org.apache.catalina.connector.CoyoteAdapter.service(CoyoteAdapter.java:357)
		at org.apache.coyote.http11.Http11Processor.service(Http11Processor.java:382)
		at org.apache.coyote.AbstractProcessorLight.process(AbstractProcessorLight.java:65)
		at org.apache.coyote.AbstractProtocol$ConnectionHandler.process(AbstractProtocol.java:893)
		at org.apache.tomcat.util.net.NioEndpoint$SocketProcessor.doRun(NioEndpoint.java:1723)
		at org.apache.tomcat.util.net.SocketProcessorBase.run(SocketProcessorBase.java:49)
		at java.base/java.util.concurrent.ThreadPoolExecutor.runWorker(ThreadPoolExecutor.java:1130)
		at java.base/java.util.concurrent.ThreadPoolExecutor$Worker.run(ThreadPoolExecutor.java:630)
		at org.apache.tomcat.util.threads.TaskThread$WrappingRunnable.run(TaskThread.java:61)
		at java.base/java.lang.Thread.run(Thread.java:832)
11-Feb-2022 13:23:05.657 SEVERE [http-nio-8080-exec-9] org.apache.catalina.core.StandardWrapperValve.invoke Servlet.service() for servlet [jsp] in context with path [/redecor] threw exception [An exception occurred processing [/order.jsp] at line [22]

19: Connection conn = DriverManager.getConnection("jdbc:mariadb://localhost:3306/products", "root", "");
20: Statement st=conn.createStatement();
21: String oid=session.getAttribute("oid").toString();
22: String cid=session.getAttribute("cid").toString();
23: //ResultSet rs=st.executeQuery("select cart.Model_Name,cart.Quantity,cart.Total,orders.email,orders.rec_name,orders.rec_address,orders.rec_mob,orders.date from orders where cart.username=orders.username and orders.order_id="+oid+"");
24: ResultSet rs=st.executeQuery("select email, rec_name, rec_address from orders where order_id="+oid+"");
25: ResultSet rs2=st.executeQuery("select Model_Name, Quantity, Total from cart where cart_id");


Stacktrace:] with root cause
	java.lang.NullPointerException: Cannot invoke "Object.toString()" because the return value of "javax.servlet.http.HttpSession.getAttribute(String)" is null
		at org.apache.jsp.order_jsp._jspService(order_jsp.java:152)
		at org.apache.jasper.runtime.HttpJspBase.service(HttpJspBase.java:70)
		at javax.servlet.http.HttpServlet.service(HttpServlet.java:764)
		at org.apache.jasper.servlet.JspServletWrapper.service(JspServletWrapper.java:466)
		at org.apache.jasper.servlet.JspServlet.serviceJspFile(JspServlet.java:379)
		at org.apache.jasper.servlet.JspServlet.service(JspServlet.java:327)
		at javax.servlet.http.HttpServlet.service(HttpServlet.java:764)
		at org.apache.catalina.core.ApplicationFilterChain.internalDoFilter(ApplicationFilterChain.java:228)
		at org.apache.catalina.core.ApplicationFilterChain.doFilter(ApplicationFilterChain.java:163)
		at org.apache.tomcat.websocket.server.WsFilter.doFilter(WsFilter.java:53)
		at org.apache.catalina.core.ApplicationFilterChain.internalDoFilter(ApplicationFilterChain.java:190)
		at org.apache.catalina.core.ApplicationFilterChain.doFilter(ApplicationFilterChain.java:163)
		at org.apache.catalina.core.StandardWrapperValve.invoke(StandardWrapperValve.java:202)
		at org.apache.catalina.core.StandardContextValve.invoke(StandardContextValve.java:97)
		at org.apache.catalina.authenticator.AuthenticatorBase.invoke(AuthenticatorBase.java:542)
		at org.apache.catalina.core.StandardHostValve.invoke(StandardHostValve.java:143)
		at org.apache.catalina.valves.ErrorReportValve.invoke(ErrorReportValve.java:92)
		at org.apache.catalina.valves.AbstractAccessLogValve.invoke(AbstractAccessLogValve.java:687)
		at org.apache.catalina.core.StandardEngineValve.invoke(StandardEngineValve.java:78)
		at org.apache.catalina.connector.CoyoteAdapter.service(CoyoteAdapter.java:357)
		at org.apache.coyote.http11.Http11Processor.service(Http11Processor.java:382)
		at org.apache.coyote.AbstractProcessorLight.process(AbstractProcessorLight.java:65)
		at org.apache.coyote.AbstractProtocol$ConnectionHandler.process(AbstractProtocol.java:893)
		at org.apache.tomcat.util.net.NioEndpoint$SocketProcessor.doRun(NioEndpoint.java:1723)
		at org.apache.tomcat.util.net.SocketProcessorBase.run(SocketProcessorBase.java:49)
		at java.base/java.util.concurrent.ThreadPoolExecutor.runWorker(ThreadPoolExecutor.java:1130)
		at java.base/java.util.concurrent.ThreadPoolExecutor$Worker.run(ThreadPoolExecutor.java:630)
		at org.apache.tomcat.util.threads.TaskThread$WrappingRunnable.run(TaskThread.java:61)
		at java.base/java.lang.Thread.run(Thread.java:832)
11-Feb-2022 13:23:48.125 SEVERE [http-nio-8080-exec-4] org.apache.catalina.core.StandardWrapperValve.invoke Servlet.service() for servlet [jsp] in context with path [/redecor] threw exception [An exception occurred processing [/order.jsp] at line [29]

26: 
27: while(rs.next()) 
28: {
29: int t=Integer.parseInt(rs2.getString(3));
30: int quantity=Integer.parseInt(rs2.getString(2));
31: String modname=rs2.getString(1);
32: String email=rs.getString(1);


Stacktrace:] with root cause
	org.mariadb.jdbc.internal.common.queryresults.NoSuchColumnException: Current position is before the first row
		at org.mariadb.jdbc.internal.common.queryresults.CachedSelectResult.getValueObject(CachedSelectResult.java:111)
		at org.mariadb.jdbc.MySQLResultSet.getValueObject(MySQLResultSet.java:146)
		at org.mariadb.jdbc.MySQLResultSet.getString(MySQLResultSet.java:131)
		at org.apache.jsp.order_jsp._jspService(order_jsp.java:159)
		at org.apache.jasper.runtime.HttpJspBase.service(HttpJspBase.java:70)
		at javax.servlet.http.HttpServlet.service(HttpServlet.java:764)
		at org.apache.jasper.servlet.JspServletWrapper.service(JspServletWrapper.java:466)
		at org.apache.jasper.servlet.JspServlet.serviceJspFile(JspServlet.java:379)
		at org.apache.jasper.servlet.JspServlet.service(JspServlet.java:327)
		at javax.servlet.http.HttpServlet.service(HttpServlet.java:764)
		at org.apache.catalina.core.ApplicationFilterChain.internalDoFilter(ApplicationFilterChain.java:228)
		at org.apache.catalina.core.ApplicationFilterChain.doFilter(ApplicationFilterChain.java:163)
		at org.apache.tomcat.websocket.server.WsFilter.doFilter(WsFilter.java:53)
		at org.apache.catalina.core.ApplicationFilterChain.internalDoFilter(ApplicationFilterChain.java:190)
		at org.apache.catalina.core.ApplicationFilterChain.doFilter(ApplicationFilterChain.java:163)
		at org.apache.catalina.core.StandardWrapperValve.invoke(StandardWrapperValve.java:202)
		at org.apache.catalina.core.StandardContextValve.invoke(StandardContextValve.java:97)
		at org.apache.catalina.authenticator.AuthenticatorBase.invoke(AuthenticatorBase.java:542)
		at org.apache.catalina.core.StandardHostValve.invoke(StandardHostValve.java:143)
		at org.apache.catalina.valves.ErrorReportValve.invoke(ErrorReportValve.java:92)
		at org.apache.catalina.valves.AbstractAccessLogValve.invoke(AbstractAccessLogValve.java:687)
		at org.apache.catalina.core.StandardEngineValve.invoke(StandardEngineValve.java:78)
		at org.apache.catalina.connector.CoyoteAdapter.service(CoyoteAdapter.java:357)
		at org.apache.coyote.http11.Http11Processor.service(Http11Processor.java:382)
		at org.apache.coyote.AbstractProcessorLight.process(AbstractProcessorLight.java:65)
		at org.apache.coyote.AbstractProtocol$ConnectionHandler.process(AbstractProtocol.java:893)
		at org.apache.tomcat.util.net.NioEndpoint$SocketProcessor.doRun(NioEndpoint.java:1723)
		at org.apache.tomcat.util.net.SocketProcessorBase.run(SocketProcessorBase.java:49)
		at java.base/java.util.concurrent.ThreadPoolExecutor.runWorker(ThreadPoolExecutor.java:1130)
		at java.base/java.util.concurrent.ThreadPoolExecutor$Worker.run(ThreadPoolExecutor.java:630)
		at org.apache.tomcat.util.threads.TaskThread$WrappingRunnable.run(TaskThread.java:61)
		at java.base/java.lang.Thread.run(Thread.java:832)
11-Feb-2022 13:25:54.144 SEVERE [http-nio-8080-exec-8] org.apache.catalina.core.StandardWrapperValve.invoke Servlet.service() for servlet [jsp] in context with path [/redecor] threw exception [An exception occurred processing [/order.jsp] at line [35]

32: String add=rs.getString(3);
33: //String mob=rs.getString(4);
34: //String date=rs.getString(5);
35: int t=Integer.parseInt(rs2.getString(3));
36: int quantity=Integer.parseInt(rs2.getString(2));
37: String modname=rs2.getString(1);
38: 


Stacktrace:] with root cause
	org.mariadb.jdbc.internal.common.queryresults.NoSuchColumnException: Current position is before the first row
		at org.mariadb.jdbc.internal.common.queryresults.CachedSelectResult.getValueObject(CachedSelectResult.java:111)
		at org.mariadb.jdbc.MySQLResultSet.getValueObject(MySQLResultSet.java:146)
		at org.mariadb.jdbc.MySQLResultSet.getString(MySQLResultSet.java:131)
		at org.apache.jsp.order_jsp._jspService(order_jsp.java:165)
		at org.apache.jasper.runtime.HttpJspBase.service(HttpJspBase.java:70)
		at javax.servlet.http.HttpServlet.service(HttpServlet.java:764)
		at org.apache.jasper.servlet.JspServletWrapper.service(JspServletWrapper.java:466)
		at org.apache.jasper.servlet.JspServlet.serviceJspFile(JspServlet.java:379)
		at org.apache.jasper.servlet.JspServlet.service(JspServlet.java:327)
		at javax.servlet.http.HttpServlet.service(HttpServlet.java:764)
		at org.apache.catalina.core.ApplicationFilterChain.internalDoFilter(ApplicationFilterChain.java:228)
		at org.apache.catalina.core.ApplicationFilterChain.doFilter(ApplicationFilterChain.java:163)
		at org.apache.tomcat.websocket.server.WsFilter.doFilter(WsFilter.java:53)
		at org.apache.catalina.core.ApplicationFilterChain.internalDoFilter(ApplicationFilterChain.java:190)
		at org.apache.catalina.core.ApplicationFilterChain.doFilter(ApplicationFilterChain.java:163)
		at org.apache.catalina.core.StandardWrapperValve.invoke(StandardWrapperValve.java:202)
		at org.apache.catalina.core.StandardContextValve.invoke(StandardContextValve.java:97)
		at org.apache.catalina.authenticator.AuthenticatorBase.invoke(AuthenticatorBase.java:542)
		at org.apache.catalina.core.StandardHostValve.invoke(StandardHostValve.java:143)
		at org.apache.catalina.valves.ErrorReportValve.invoke(ErrorReportValve.java:92)
		at org.apache.catalina.valves.AbstractAccessLogValve.invoke(AbstractAccessLogValve.java:687)
		at org.apache.catalina.core.StandardEngineValve.invoke(StandardEngineValve.java:78)
		at org.apache.catalina.connector.CoyoteAdapter.service(CoyoteAdapter.java:357)
		at org.apache.coyote.http11.Http11Processor.service(Http11Processor.java:382)
		at org.apache.coyote.AbstractProcessorLight.process(AbstractProcessorLight.java:65)
		at org.apache.coyote.AbstractProtocol$ConnectionHandler.process(AbstractProtocol.java:893)
		at org.apache.tomcat.util.net.NioEndpoint$SocketProcessor.doRun(NioEndpoint.java:1723)
		at org.apache.tomcat.util.net.SocketProcessorBase.run(SocketProcessorBase.java:49)
		at java.base/java.util.concurrent.ThreadPoolExecutor.runWorker(ThreadPoolExecutor.java:1130)
		at java.base/java.util.concurrent.ThreadPoolExecutor$Worker.run(ThreadPoolExecutor.java:630)
		at org.apache.tomcat.util.threads.TaskThread$WrappingRunnable.run(TaskThread.java:61)
		at java.base/java.lang.Thread.run(Thread.java:832)
11-Feb-2022 13:28:25.303 SEVERE [http-nio-8080-exec-6] org.apache.catalina.core.StandardWrapperValve.invoke Servlet.service() for servlet [jsp] in context with path [/redecor] threw exception [An exception occurred processing [/order.jsp] at line [35]

32: String add=rs.getString(3);
33: //String mob=rs.getString(4);
34: //String date=rs.getString(5);
35: int t=Integer.parseInt(rs.getString(4));
36: int quantity=Integer.parseInt(rs.getString(5));
37: String modname=rs.getString(6);
38: 


Stacktrace:] with root cause
	org.mariadb.jdbc.internal.common.queryresults.NoSuchColumnException: No such column: 3
		at org.mariadb.jdbc.internal.common.queryresults.CachedSelectResult.getValueObject(CachedSelectResult.java:118)
		at org.mariadb.jdbc.MySQLResultSet.getValueObject(MySQLResultSet.java:146)
		at org.mariadb.jdbc.MySQLResultSet.getString(MySQLResultSet.java:131)
		at org.apache.jsp.order_jsp._jspService(order_jsp.java:165)
		at org.apache.jasper.runtime.HttpJspBase.service(HttpJspBase.java:70)
		at javax.servlet.http.HttpServlet.service(HttpServlet.java:764)
		at org.apache.jasper.servlet.JspServletWrapper.service(JspServletWrapper.java:466)
		at org.apache.jasper.servlet.JspServlet.serviceJspFile(JspServlet.java:379)
		at org.apache.jasper.servlet.JspServlet.service(JspServlet.java:327)
		at javax.servlet.http.HttpServlet.service(HttpServlet.java:764)
		at org.apache.catalina.core.ApplicationFilterChain.internalDoFilter(ApplicationFilterChain.java:228)
		at org.apache.catalina.core.ApplicationFilterChain.doFilter(ApplicationFilterChain.java:163)
		at org.apache.tomcat.websocket.server.WsFilter.doFilter(WsFilter.java:53)
		at org.apache.catalina.core.ApplicationFilterChain.internalDoFilter(ApplicationFilterChain.java:190)
		at org.apache.catalina.core.ApplicationFilterChain.doFilter(ApplicationFilterChain.java:163)
		at org.apache.catalina.core.StandardWrapperValve.invoke(StandardWrapperValve.java:202)
		at org.apache.catalina.core.StandardContextValve.invoke(StandardContextValve.java:97)
		at org.apache.catalina.authenticator.AuthenticatorBase.invoke(AuthenticatorBase.java:542)
		at org.apache.catalina.core.StandardHostValve.invoke(StandardHostValve.java:143)
		at org.apache.catalina.valves.ErrorReportValve.invoke(ErrorReportValve.java:92)
		at org.apache.catalina.valves.AbstractAccessLogValve.invoke(AbstractAccessLogValve.java:687)
		at org.apache.catalina.core.StandardEngineValve.invoke(StandardEngineValve.java:78)
		at org.apache.catalina.connector.CoyoteAdapter.service(CoyoteAdapter.java:357)
		at org.apache.coyote.http11.Http11Processor.service(Http11Processor.java:382)
		at org.apache.coyote.AbstractProcessorLight.process(AbstractProcessorLight.java:65)
		at org.apache.coyote.AbstractProtocol$ConnectionHandler.process(AbstractProtocol.java:893)
		at org.apache.tomcat.util.net.NioEndpoint$SocketProcessor.doRun(NioEndpoint.java:1723)
		at org.apache.tomcat.util.net.SocketProcessorBase.run(SocketProcessorBase.java:49)
		at java.base/java.util.concurrent.ThreadPoolExecutor.runWorker(ThreadPoolExecutor.java:1130)
		at java.base/java.util.concurrent.ThreadPoolExecutor$Worker.run(ThreadPoolExecutor.java:630)
		at org.apache.tomcat.util.threads.TaskThread$WrappingRunnable.run(TaskThread.java:61)
		at java.base/java.lang.Thread.run(Thread.java:832)
11-Feb-2022 13:30:11.541 SEVERE [http-nio-8080-exec-7] org.apache.catalina.core.StandardWrapperValve.invoke Servlet.service() for servlet [jsp] in context with path [/redecor] threw exception [An exception occurred processing [/order.jsp] at line [35]

32: String add=rs.getString(3);
33: //String mob=rs.getString(4);
34: //String date=rs.getString(5);
35: int t=Integer.parseInt(rs.getString(1));
36: int quantity=Integer.parseInt(rs.getString(2));
37: String modname=rs.getString(3);
38: 


Stacktrace:] with root cause
	java.lang.NumberFormatException: For input string: "janhvipanikar@gmail.com"
		at java.base/java.lang.NumberFormatException.forInputString(NumberFormatException.java:68)
		at java.base/java.lang.Integer.parseInt(Integer.java:652)
		at java.base/java.lang.Integer.parseInt(Integer.java:770)
		at org.apache.jsp.order_jsp._jspService(order_jsp.java:165)
		at org.apache.jasper.runtime.HttpJspBase.service(HttpJspBase.java:70)
		at javax.servlet.http.HttpServlet.service(HttpServlet.java:764)
		at org.apache.jasper.servlet.JspServletWrapper.service(JspServletWrapper.java:466)
		at org.apache.jasper.servlet.JspServlet.serviceJspFile(JspServlet.java:379)
		at org.apache.jasper.servlet.JspServlet.service(JspServlet.java:327)
		at javax.servlet.http.HttpServlet.service(HttpServlet.java:764)
		at org.apache.catalina.core.ApplicationFilterChain.internalDoFilter(ApplicationFilterChain.java:228)
		at org.apache.catalina.core.ApplicationFilterChain.doFilter(ApplicationFilterChain.java:163)
		at org.apache.tomcat.websocket.server.WsFilter.doFilter(WsFilter.java:53)
		at org.apache.catalina.core.ApplicationFilterChain.internalDoFilter(ApplicationFilterChain.java:190)
		at org.apache.catalina.core.ApplicationFilterChain.doFilter(ApplicationFilterChain.java:163)
		at org.apache.catalina.core.StandardWrapperValve.invoke(StandardWrapperValve.java:202)
		at org.apache.catalina.core.StandardContextValve.invoke(StandardContextValve.java:97)
		at org.apache.catalina.authenticator.AuthenticatorBase.invoke(AuthenticatorBase.java:542)
		at org.apache.catalina.core.StandardHostValve.invoke(StandardHostValve.java:143)
		at org.apache.catalina.valves.ErrorReportValve.invoke(ErrorReportValve.java:92)
		at org.apache.catalina.valves.AbstractAccessLogValve.invoke(AbstractAccessLogValve.java:687)
		at org.apache.catalina.core.StandardEngineValve.invoke(StandardEngineValve.java:78)
		at org.apache.catalina.connector.CoyoteAdapter.service(CoyoteAdapter.java:357)
		at org.apache.coyote.http11.Http11Processor.service(Http11Processor.java:382)
		at org.apache.coyote.AbstractProcessorLight.process(AbstractProcessorLight.java:65)
		at org.apache.coyote.AbstractProtocol$ConnectionHandler.process(AbstractProtocol.java:893)
		at org.apache.tomcat.util.net.NioEndpoint$SocketProcessor.doRun(NioEndpoint.java:1723)
		at org.apache.tomcat.util.net.SocketProcessorBase.run(SocketProcessorBase.java:49)
		at java.base/java.util.concurrent.ThreadPoolExecutor.runWorker(ThreadPoolExecutor.java:1130)
		at java.base/java.util.concurrent.ThreadPoolExecutor$Worker.run(ThreadPoolExecutor.java:630)
		at org.apache.tomcat.util.threads.TaskThread$WrappingRunnable.run(TaskThread.java:61)
		at java.base/java.lang.Thread.run(Thread.java:832)
11-Feb-2022 13:36:09.005 SEVERE [http-nio-8080-exec-6] org.apache.catalina.core.StandardWrapperValve.invoke Servlet.service() for servlet [jsp] in context with path [/redecor] threw exception [An exception occurred processing [/order.jsp] at line [23]

20: Statement st=conn.createStatement();
21: String oid=session.getAttribute("oid").toString();
22: //String cid=session.getAttribute("cid").toString();
23: ResultSet rs=st.executeQuery("select cart.Model_Name,cart.Quantity,cart.Total,orders.email,orders.rec_name,orders.rec_address,orders.rec_mob,orders.date from carts, orders where cart.cart_id=orders.order_id and orders.order_id="+oid+"");
24: //ResultSet rs=st.executeQuery("select email, rec_name, rec_address from orders where order_id="+oid+" union select Model_Name, Quantity, Total from cart where cart_id");
25: 
26: 


Stacktrace:] with root cause
	org.mariadb.jdbc.internal.common.QueryException: Table 'products.carts' doesn't exist
		at org.mariadb.jdbc.internal.mysql.MySQLProtocol.getResult(MySQLProtocol.java:984)
		at org.mariadb.jdbc.internal.mysql.MySQLProtocol.executeQuery(MySQLProtocol.java:1038)
		at org.mariadb.jdbc.internal.mysql.MySQLProtocol.executeQuery(MySQLProtocol.java:1020)
		at org.mariadb.jdbc.MySQLStatement.execute(MySQLStatement.java:271)
		at org.mariadb.jdbc.MySQLStatement.executeQuery(MySQLStatement.java:333)
		at org.mariadb.jdbc.MySQLStatement.executeQuery(MySQLStatement.java:392)
		at org.apache.jsp.order_jsp._jspService(order_jsp.java:153)
		at org.apache.jasper.runtime.HttpJspBase.service(HttpJspBase.java:70)
		at javax.servlet.http.HttpServlet.service(HttpServlet.java:764)
		at org.apache.jasper.servlet.JspServletWrapper.service(JspServletWrapper.java:466)
		at org.apache.jasper.servlet.JspServlet.serviceJspFile(JspServlet.java:379)
		at org.apache.jasper.servlet.JspServlet.service(JspServlet.java:327)
		at javax.servlet.http.HttpServlet.service(HttpServlet.java:764)
		at org.apache.catalina.core.ApplicationFilterChain.internalDoFilter(ApplicationFilterChain.java:228)
		at org.apache.catalina.core.ApplicationFilterChain.doFilter(ApplicationFilterChain.java:163)
		at org.apache.tomcat.websocket.server.WsFilter.doFilter(WsFilter.java:53)
		at org.apache.catalina.core.ApplicationFilterChain.internalDoFilter(ApplicationFilterChain.java:190)
		at org.apache.catalina.core.ApplicationFilterChain.doFilter(ApplicationFilterChain.java:163)
		at org.apache.catalina.core.StandardWrapperValve.invoke(StandardWrapperValve.java:202)
		at org.apache.catalina.core.StandardContextValve.invoke(StandardContextValve.java:97)
		at org.apache.catalina.authenticator.AuthenticatorBase.invoke(AuthenticatorBase.java:542)
		at org.apache.catalina.core.StandardHostValve.invoke(StandardHostValve.java:143)
		at org.apache.catalina.valves.ErrorReportValve.invoke(ErrorReportValve.java:92)
		at org.apache.catalina.valves.AbstractAccessLogValve.invoke(AbstractAccessLogValve.java:687)
		at org.apache.catalina.core.StandardEngineValve.invoke(StandardEngineValve.java:78)
		at org.apache.catalina.connector.CoyoteAdapter.service(CoyoteAdapter.java:357)
		at org.apache.coyote.http11.Http11Processor.service(Http11Processor.java:382)
		at org.apache.coyote.AbstractProcessorLight.process(AbstractProcessorLight.java:65)
		at org.apache.coyote.AbstractProtocol$ConnectionHandler.process(AbstractProtocol.java:893)
		at org.apache.tomcat.util.net.NioEndpoint$SocketProcessor.doRun(NioEndpoint.java:1723)
		at org.apache.tomcat.util.net.SocketProcessorBase.run(SocketProcessorBase.java:49)
		at java.base/java.util.concurrent.ThreadPoolExecutor.runWorker(ThreadPoolExecutor.java:1130)
		at java.base/java.util.concurrent.ThreadPoolExecutor$Worker.run(ThreadPoolExecutor.java:630)
		at org.apache.tomcat.util.threads.TaskThread$WrappingRunnable.run(TaskThread.java:61)
		at java.base/java.lang.Thread.run(Thread.java:832)
