14-Feb-2022 01:02:12.885 SEVERE [http-nio-8080-exec-3] org.apache.catalina.core.StandardWrapperValve.invoke Servlet.service() for servlet [jsp] in context with path [/redecor] threw exception [An exception occurred processing [order.jsp] at line [27]

24: Class.forName("com.mysql.jdbc.Driver");
25: Connection conn = DriverManager.getConnection("jdbc:mysql://localhost:3306/products", "root", "");
26: Statement st=conn.createStatement();
27: String oid = session.getAttribute("oid").toString();
28: int o=Integer.parseInt(oid);
29: //ResultSet rs=st.executeQuery("select cart.Model_Name,cart.Quantity,cart.Total,orders.email,orders.rec_name,orders.rec_address,orders.rec_mob,orders.date from cart,orders where cart.username=orders.username and orders.order_id="+o+"");
30: ResultSet rs=st.executeQuery("select email,rec_name,rec_address,date,Model_name,Quantity,Total from orders where order_id="+o+"");


Stacktrace:] with root cause
	java.lang.NullPointerException: Cannot invoke "Object.toString()" because the return value of "javax.servlet.http.HttpSession.getAttribute(String)" is null
		at org.apache.jsp.order_jsp._jspService(order_jsp.java:153)
		at org.apache.jasper.runtime.HttpJspBase.service(HttpJspBase.java:70)
		at javax.servlet.http.HttpServlet.service(HttpServlet.java:764)
		at org.apache.jasper.servlet.JspServletWrapper.service(JspServletWrapper.java:466)
		at org.apache.jasper.servlet.JspServlet.serviceJspFile(JspServlet.java:379)
		at org.apache.jasper.servlet.JspServlet.service(JspServlet.java:327)
		at javax.servlet.http.HttpServlet.service(HttpServlet.java:764)
		at org.apache.catalina.core.ApplicationFilterChain.internalDoFilter(ApplicationFilterChain.java:228)
		at org.apache.catalina.core.ApplicationFilterChain.doFilter(ApplicationFilterChain.java:163)
		at org.apache.tomcat.websocket.server.WsFilter.doFilter(WsFilter.java:53)
		at org.apache.catalina.core.ApplicationFilterChain.internalDoFilter(ApplicationFilterChain.java:190)
		at org.apache.catalina.core.ApplicationFilterChain.doFilter(ApplicationFilterChain.java:163)
		at org.apache.catalina.core.StandardWrapperValve.invoke(StandardWrapperValve.java:202)
		at org.apache.catalina.core.StandardContextValve.invoke(StandardContextValve.java:97)
		at org.apache.catalina.authenticator.AuthenticatorBase.invoke(AuthenticatorBase.java:542)
		at org.apache.catalina.core.StandardHostValve.invoke(StandardHostValve.java:143)
		at org.apache.catalina.valves.ErrorReportValve.invoke(ErrorReportValve.java:92)
		at org.apache.catalina.valves.AbstractAccessLogValve.invoke(AbstractAccessLogValve.java:687)
		at org.apache.catalina.core.StandardEngineValve.invoke(StandardEngineValve.java:78)
		at org.apache.catalina.connector.CoyoteAdapter.service(CoyoteAdapter.java:357)
		at org.apache.coyote.http11.Http11Processor.service(Http11Processor.java:382)
		at org.apache.coyote.AbstractProcessorLight.process(AbstractProcessorLight.java:65)
		at org.apache.coyote.AbstractProtocol$ConnectionHandler.process(AbstractProtocol.java:893)
		at org.apache.tomcat.util.net.NioEndpoint$SocketProcessor.doRun(NioEndpoint.java:1723)
		at org.apache.tomcat.util.net.SocketProcessorBase.run(SocketProcessorBase.java:49)
		at java.base/java.util.concurrent.ThreadPoolExecutor.runWorker(ThreadPoolExecutor.java:1130)
		at java.base/java.util.concurrent.ThreadPoolExecutor$Worker.run(ThreadPoolExecutor.java:630)
		at org.apache.tomcat.util.threads.TaskThread$WrappingRunnable.run(TaskThread.java:61)
		at java.base/java.lang.Thread.run(Thread.java:832)
14-Feb-2022 01:02:29.548 SEVERE [http-nio-8080-exec-10] org.apache.catalina.core.StandardWrapperValve.invoke Servlet.service() for servlet [jsp] in context with path [/redecor] threw exception [An exception occurred processing [order.jsp] at line [27]

24: Class.forName("com.mysql.jdbc.Driver");
25: Connection conn = DriverManager.getConnection("jdbc:mysql://localhost:3306/products", "root", "");
26: Statement st=conn.createStatement();
27: String oid = session.getAttribute("oid").toString();
28: int o=Integer.parseInt(oid);
29: //ResultSet rs=st.executeQuery("select cart.Model_Name,cart.Quantity,cart.Total,orders.email,orders.rec_name,orders.rec_address,orders.rec_mob,orders.date from cart,orders where cart.username=orders.username and orders.order_id="+o+"");
30: ResultSet rs=st.executeQuery("select email,rec_name,rec_address,date,Model_name,Quantity,Total from orders where order_id="+o+"");


Stacktrace:] with root cause
	java.lang.NullPointerException: Cannot invoke "Object.toString()" because the return value of "javax.servlet.http.HttpSession.getAttribute(String)" is null
		at org.apache.jsp.order_jsp._jspService(order_jsp.java:153)
		at org.apache.jasper.runtime.HttpJspBase.service(HttpJspBase.java:70)
		at javax.servlet.http.HttpServlet.service(HttpServlet.java:764)
		at org.apache.jasper.servlet.JspServletWrapper.service(JspServletWrapper.java:466)
		at org.apache.jasper.servlet.JspServlet.serviceJspFile(JspServlet.java:379)
		at org.apache.jasper.servlet.JspServlet.service(JspServlet.java:327)
		at javax.servlet.http.HttpServlet.service(HttpServlet.java:764)
		at org.apache.catalina.core.ApplicationFilterChain.internalDoFilter(ApplicationFilterChain.java:228)
		at org.apache.catalina.core.ApplicationFilterChain.doFilter(ApplicationFilterChain.java:163)
		at org.apache.tomcat.websocket.server.WsFilter.doFilter(WsFilter.java:53)
		at org.apache.catalina.core.ApplicationFilterChain.internalDoFilter(ApplicationFilterChain.java:190)
		at org.apache.catalina.core.ApplicationFilterChain.doFilter(ApplicationFilterChain.java:163)
		at org.apache.catalina.core.StandardWrapperValve.invoke(StandardWrapperValve.java:202)
		at org.apache.catalina.core.StandardContextValve.invoke(StandardContextValve.java:97)
		at org.apache.catalina.authenticator.AuthenticatorBase.invoke(AuthenticatorBase.java:542)
		at org.apache.catalina.core.StandardHostValve.invoke(StandardHostValve.java:143)
		at org.apache.catalina.valves.ErrorReportValve.invoke(ErrorReportValve.java:92)
		at org.apache.catalina.valves.AbstractAccessLogValve.invoke(AbstractAccessLogValve.java:687)
		at org.apache.catalina.core.StandardEngineValve.invoke(StandardEngineValve.java:78)
		at org.apache.catalina.connector.CoyoteAdapter.service(CoyoteAdapter.java:357)
		at org.apache.coyote.http11.Http11Processor.service(Http11Processor.java:382)
		at org.apache.coyote.AbstractProcessorLight.process(AbstractProcessorLight.java:65)
		at org.apache.coyote.AbstractProtocol$ConnectionHandler.process(AbstractProtocol.java:893)
		at org.apache.tomcat.util.net.NioEndpoint$SocketProcessor.doRun(NioEndpoint.java:1723)
		at org.apache.tomcat.util.net.SocketProcessorBase.run(SocketProcessorBase.java:49)
		at java.base/java.util.concurrent.ThreadPoolExecutor.runWorker(ThreadPoolExecutor.java:1130)
		at java.base/java.util.concurrent.ThreadPoolExecutor$Worker.run(ThreadPoolExecutor.java:630)
		at org.apache.tomcat.util.threads.TaskThread$WrappingRunnable.run(TaskThread.java:61)
		at java.base/java.lang.Thread.run(Thread.java:832)
14-Feb-2022 02:25:35.200 INFO [main] org.apache.catalina.core.ApplicationContext.log SessionListener: contextDestroyed()
14-Feb-2022 02:25:35.201 INFO [main] org.apache.catalina.core.ApplicationContext.log ContextListener: contextDestroyed()
14-Feb-2022 08:52:05.603 INFO [main] org.apache.catalina.core.ApplicationContext.log ContextListener: contextInitialized()
14-Feb-2022 08:52:05.603 INFO [main] org.apache.catalina.core.ApplicationContext.log SessionListener: contextInitialized()
14-Feb-2022 08:52:05.605 INFO [main] org.apache.catalina.core.ApplicationContext.log ContextListener: attributeAdded('StockTicker', 'async.Stockticker@5e8a459')
14-Feb-2022 08:57:36.107 INFO [main] org.apache.catalina.core.ApplicationContext.log SessionListener: contextDestroyed()
14-Feb-2022 08:57:36.107 INFO [main] org.apache.catalina.core.ApplicationContext.log ContextListener: contextDestroyed()
14-Feb-2022 09:13:11.715 INFO [main] org.apache.catalina.core.ApplicationContext.log ContextListener: contextInitialized()
14-Feb-2022 09:13:11.715 INFO [main] org.apache.catalina.core.ApplicationContext.log SessionListener: contextInitialized()
14-Feb-2022 09:13:11.730 INFO [main] org.apache.catalina.core.ApplicationContext.log ContextListener: attributeAdded('StockTicker', 'async.Stockticker@238ad8c')
14-Feb-2022 09:21:45.952 INFO [main] org.apache.catalina.core.ApplicationContext.log SessionListener: contextDestroyed()
14-Feb-2022 09:21:45.952 INFO [main] org.apache.catalina.core.ApplicationContext.log ContextListener: contextDestroyed()
14-Feb-2022 10:49:11.627 INFO [main] org.apache.catalina.core.ApplicationContext.log ContextListener: contextInitialized()
14-Feb-2022 10:49:11.627 INFO [main] org.apache.catalina.core.ApplicationContext.log SessionListener: contextInitialized()
14-Feb-2022 10:49:11.629 INFO [main] org.apache.catalina.core.ApplicationContext.log ContextListener: attributeAdded('StockTicker', 'async.Stockticker@13e9f2e2')
14-Feb-2022 16:45:54.167 INFO [main] org.apache.catalina.core.ApplicationContext.log ContextListener: contextInitialized()
14-Feb-2022 16:45:54.168 INFO [main] org.apache.catalina.core.ApplicationContext.log SessionListener: contextInitialized()
14-Feb-2022 16:45:54.170 INFO [main] org.apache.catalina.core.ApplicationContext.log ContextListener: attributeAdded('StockTicker', 'async.Stockticker@c827db')
14-Feb-2022 19:14:25.634 INFO [main] org.apache.catalina.core.ApplicationContext.log SessionListener: contextDestroyed()
14-Feb-2022 19:14:25.636 INFO [main] org.apache.catalina.core.ApplicationContext.log ContextListener: contextDestroyed()
14-Feb-2022 22:51:40.433 INFO [main] org.apache.catalina.core.ApplicationContext.log ContextListener: contextInitialized()
14-Feb-2022 22:51:40.433 INFO [main] org.apache.catalina.core.ApplicationContext.log SessionListener: contextInitialized()
14-Feb-2022 22:51:40.455 INFO [main] org.apache.catalina.core.ApplicationContext.log ContextListener: attributeAdded('StockTicker', 'async.Stockticker@7de4a01f')
14-Feb-2022 23:21:12.253 INFO [main] org.apache.catalina.core.ApplicationContext.log SessionListener: contextDestroyed()
14-Feb-2022 23:21:12.253 INFO [main] org.apache.catalina.core.ApplicationContext.log ContextListener: contextDestroyed()
