08-Feb-2022 02:55:50.821 INFO [main] org.apache.catalina.core.ApplicationContext.log SessionListener: contextDestroyed()
08-Feb-2022 02:55:50.821 INFO [main] org.apache.catalina.core.ApplicationContext.log ContextListener: contextDestroyed()
08-Feb-2022 11:58:49.231 INFO [main] org.apache.catalina.core.ApplicationContext.log ContextListener: contextInitialized()
08-Feb-2022 11:58:49.231 INFO [main] org.apache.catalina.core.ApplicationContext.log SessionListener: contextInitialized()
08-Feb-2022 11:58:49.233 INFO [main] org.apache.catalina.core.ApplicationContext.log ContextListener: attributeAdded('StockTicker', 'async.Stockticker@43d455c9')
08-Feb-2022 12:03:53.913 SEVERE [http-nio-8080-exec-13] org.apache.catalina.core.StandardWrapperValve.invoke Servlet.service() for servlet [jsp] in context with path [/redecor] threw exception [Unable to compile class for JSP: 

An error occurred at line: [25] in the jsp file: [/designer_server.jsp]
Connection cannot be resolved to a type
22:           
23:             try{
24:             Class.forName("com.mysql.jdbc.Driver");
25:             Connection c=DriverManager.getConnection("jdbc:mysql://localhost/userinfo","root","");
26:             PreparedStatement ps=c.prepareStatement("insert into designers(name,p_number,y_experience,n_projects) values(?,?,?,?)");
27:             ps.setString(1, cn);
28:             ps.setString(2, mn);


An error occurred at line: [25] in the jsp file: [/designer_server.jsp]
DriverManager cannot be resolved
22:           
23:             try{
24:             Class.forName("com.mysql.jdbc.Driver");
25:             Connection c=DriverManager.getConnection("jdbc:mysql://localhost/userinfo","root","");
26:             PreparedStatement ps=c.prepareStatement("insert into designers(name,p_number,y_experience,n_projects) values(?,?,?,?)");
27:             ps.setString(1, cn);
28:             ps.setString(2, mn);


An error occurred at line: [26] in the jsp file: [/designer_server.jsp]
PreparedStatement cannot be resolved to a type
23:             try{
24:             Class.forName("com.mysql.jdbc.Driver");
25:             Connection c=DriverManager.getConnection("jdbc:mysql://localhost/userinfo","root","");
26:             PreparedStatement ps=c.prepareStatement("insert into designers(name,p_number,y_experience,n_projects) values(?,?,?,?)");
27:             ps.setString(1, cn);
28:             ps.setString(2, mn);
29:             ps.setString(3, ct);


Stacktrace:] with root cause
	org.apache.jasper.JasperException: Unable to compile class for JSP: 

An error occurred at line: [25] in the jsp file: [/designer_server.jsp]
Connection cannot be resolved to a type
22:           
23:             try{
24:             Class.forName("com.mysql.jdbc.Driver");
25:             Connection c=DriverManager.getConnection("jdbc:mysql://localhost/userinfo","root","");
26:             PreparedStatement ps=c.prepareStatement("insert into designers(name,p_number,y_experience,n_projects) values(?,?,?,?)");
27:             ps.setString(1, cn);
28:             ps.setString(2, mn);


An error occurred at line: [25] in the jsp file: [/designer_server.jsp]
DriverManager cannot be resolved
22:           
23:             try{
24:             Class.forName("com.mysql.jdbc.Driver");
25:             Connection c=DriverManager.getConnection("jdbc:mysql://localhost/userinfo","root","");
26:             PreparedStatement ps=c.prepareStatement("insert into designers(name,p_number,y_experience,n_projects) values(?,?,?,?)");
27:             ps.setString(1, cn);
28:             ps.setString(2, mn);


An error occurred at line: [26] in the jsp file: [/designer_server.jsp]
PreparedStatement cannot be resolved to a type
23:             try{
24:             Class.forName("com.mysql.jdbc.Driver");
25:             Connection c=DriverManager.getConnection("jdbc:mysql://localhost/userinfo","root","");
26:             PreparedStatement ps=c.prepareStatement("insert into designers(name,p_number,y_experience,n_projects) values(?,?,?,?)");
27:             ps.setString(1, cn);
28:             ps.setString(2, mn);
29:             ps.setString(3, ct);


Stacktrace:
		at org.apache.jasper.compiler.DefaultErrorHandler.javacError(DefaultErrorHandler.java:102)
		at org.apache.jasper.compiler.ErrorDispatcher.javacError(ErrorDispatcher.java:213)
		at org.apache.jasper.compiler.JDTCompiler.generateClass(JDTCompiler.java:487)
		at org.apache.jasper.compiler.Compiler.compile(Compiler.java:397)
		at org.apache.jasper.compiler.Compiler.compile(Compiler.java:367)
		at org.apache.jasper.compiler.Compiler.compile(Compiler.java:351)
		at org.apache.jasper.JspCompilationContext.compile(JspCompilationContext.java:605)
		at org.apache.jasper.servlet.JspServletWrapper.service(JspServletWrapper.java:399)
		at org.apache.jasper.servlet.JspServlet.serviceJspFile(JspServlet.java:379)
		at org.apache.jasper.servlet.JspServlet.service(JspServlet.java:327)
		at javax.servlet.http.HttpServlet.service(HttpServlet.java:764)
		at org.apache.catalina.core.ApplicationFilterChain.internalDoFilter(ApplicationFilterChain.java:228)
		at org.apache.catalina.core.ApplicationFilterChain.doFilter(ApplicationFilterChain.java:163)
		at org.apache.tomcat.websocket.server.WsFilter.doFilter(WsFilter.java:53)
		at org.apache.catalina.core.ApplicationFilterChain.internalDoFilter(ApplicationFilterChain.java:190)
		at org.apache.catalina.core.ApplicationFilterChain.doFilter(ApplicationFilterChain.java:163)
		at org.apache.catalina.core.StandardWrapperValve.invoke(StandardWrapperValve.java:202)
		at org.apache.catalina.core.StandardContextValve.invoke(StandardContextValve.java:97)
		at org.apache.catalina.authenticator.AuthenticatorBase.invoke(AuthenticatorBase.java:542)
		at org.apache.catalina.core.StandardHostValve.invoke(StandardHostValve.java:143)
		at org.apache.catalina.valves.ErrorReportValve.invoke(ErrorReportValve.java:92)
		at org.apache.catalina.valves.AbstractAccessLogValve.invoke(AbstractAccessLogValve.java:687)
		at org.apache.catalina.core.StandardEngineValve.invoke(StandardEngineValve.java:78)
		at org.apache.catalina.connector.CoyoteAdapter.service(CoyoteAdapter.java:357)
		at org.apache.coyote.http11.Http11Processor.service(Http11Processor.java:382)
		at org.apache.coyote.AbstractProcessorLight.process(AbstractProcessorLight.java:65)
		at org.apache.coyote.AbstractProtocol$ConnectionHandler.process(AbstractProtocol.java:893)
		at org.apache.tomcat.util.net.NioEndpoint$SocketProcessor.doRun(NioEndpoint.java:1723)
		at org.apache.tomcat.util.net.SocketProcessorBase.run(SocketProcessorBase.java:49)
		at java.base/java.util.concurrent.ThreadPoolExecutor.runWorker(ThreadPoolExecutor.java:1130)
		at java.base/java.util.concurrent.ThreadPoolExecutor$Worker.run(ThreadPoolExecutor.java:630)
		at org.apache.tomcat.util.threads.TaskThread$WrappingRunnable.run(TaskThread.java:61)
		at java.base/java.lang.Thread.run(Thread.java:832)
08-Feb-2022 12:14:17.354 INFO [main] org.apache.catalina.core.ApplicationContext.log SessionListener: contextDestroyed()
08-Feb-2022 12:14:17.354 INFO [main] org.apache.catalina.core.ApplicationContext.log ContextListener: contextDestroyed()
08-Feb-2022 16:12:33.098 INFO [main] org.apache.catalina.core.ApplicationContext.log ContextListener: contextInitialized()
08-Feb-2022 16:12:33.098 INFO [main] org.apache.catalina.core.ApplicationContext.log SessionListener: contextInitialized()
08-Feb-2022 16:12:33.100 INFO [main] org.apache.catalina.core.ApplicationContext.log ContextListener: attributeAdded('StockTicker', 'async.Stockticker@55caeb35')
